{"D:\\learnings\\Node\\backendFullstack\\dist\\app.js": {"path":"D:\\learnings\\Node\\backendFullstack\\dist\\app.js","statementMap":{"0":{"start":{"line":3,"column":29},"end":{"line":3,"column":84}},"1":{"start":{"line":4,"column":19},"end":{"line":4,"column":80}},"2":{"start":{"line":5,"column":25},"end":{"line":5,"column":99}},"3":{"start":{"line":6,"column":0},"end":{"line":6,"column":27}},"4":{"start":{"line":7,"column":14},"end":{"line":7,"column":32}},"5":{"start":{"line":8,"column":11},"end":{"line":8,"column":26}},"6":{"start":{"line":9,"column":13},"end":{"line":9,"column":30}},"7":{"start":{"line":10,"column":13},"end":{"line":10,"column":30}},"8":{"start":{"line":11,"column":9},"end":{"line":11,"column":32}},"9":{"start":{"line":12,"column":15},"end":{"line":12,"column":63}},"10":{"start":{"line":13,"column":17},"end":{"line":13,"column":38}},"11":{"start":{"line":14,"column":25},"end":{"line":14,"column":69}},"12":{"start":{"line":15,"column":13},"end":{"line":15,"column":40}},"13":{"start":{"line":16,"column":16},"end":{"line":16,"column":36}},"14":{"start":{"line":17,"column":11},"end":{"line":17,"column":27}},"15":{"start":{"line":18,"column":10},"end":{"line":18,"column":19}},"16":{"start":{"line":19,"column":0},"end":{"line":19,"column":24}},"17":{"start":{"line":20,"column":0},"end":{"line":20,"column":16}},"18":{"start":{"line":21,"column":0},"end":{"line":21,"column":18}},"19":{"start":{"line":22,"column":0},"end":{"line":22,"column":28}},"20":{"start":{"line":24,"column":0},"end":{"line":39,"column":5}},"21":{"start":{"line":25,"column":13},"end":{"line":35,"column":5}},"22":{"start":{"line":26,"column":4},"end":{"line":34,"column":16}},"23":{"start":{"line":27,"column":6},"end":{"line":33,"column":7}},"24":{"start":{"line":27,"column":16},"end":{"line":33,"column":7}},"25":{"start":{"line":29,"column":10},"end":{"line":29,"column":25}},"26":{"start":{"line":32,"column":10},"end":{"line":32,"column":33}},"27":{"start":{"line":36,"column":2},"end":{"line":38,"column":4}},"28":{"start":{"line":37,"column":4},"end":{"line":37,"column":39}},"29":{"start":{"line":40,"column":0},"end":{"line":56,"column":5}},"30":{"start":{"line":41,"column":14},"end":{"line":52,"column":5}},"31":{"start":{"line":42,"column":4},"end":{"line":51,"column":17}},"32":{"start":{"line":43,"column":6},"end":{"line":50,"column":7}},"33":{"start":{"line":43,"column":16},"end":{"line":50,"column":7}},"34":{"start":{"line":45,"column":10},"end":{"line":45,"column":25}},"35":{"start":{"line":46,"column":10},"end":{"line":46,"column":17}},"36":{"start":{"line":49,"column":10},"end":{"line":49,"column":34}},"37":{"start":{"line":53,"column":2},"end":{"line":55,"column":4}},"38":{"start":{"line":54,"column":4},"end":{"line":54,"column":40}},"39":{"start":{"line":57,"column":0},"end":{"line":57,"column":51}},"40":{"start":{"line":58,"column":0},"end":{"line":58,"column":51}},"41":{"start":{"line":59,"column":0},"end":{"line":59,"column":51}},"42":{"start":{"line":60,"column":0},"end":{"line":60,"column":28}},"43":{"start":{"line":61,"column":0},"end":{"line":61,"column":22}},"44":{"start":{"line":62,"column":0},"end":{"line":62,"column":53}},"45":{"start":{"line":63,"column":0},"end":{"line":63,"column":21}}},"fnMap":{"0":{"name":"(anonymous_0)","decl":{"start":{"line":24,"column":32},"end":{"line":24,"column":33}},"loc":{"start":{"line":24,"column":44},"end":{"line":39,"column":1}},"line":24},"1":{"name":"_callee","decl":{"start":{"line":25,"column":99},"end":{"line":25,"column":106}},"loc":{"start":{"line":25,"column":117},"end":{"line":35,"column":3}},"line":25},"2":{"name":"_callee$","decl":{"start":{"line":26,"column":49},"end":{"line":26,"column":57}},"loc":{"start":{"line":26,"column":68},"end":{"line":34,"column":5}},"line":26},"3":{"name":"(anonymous_3)","decl":{"start":{"line":36,"column":9},"end":{"line":36,"column":10}},"loc":{"start":{"line":36,"column":28},"end":{"line":38,"column":3}},"line":36},"4":{"name":"(anonymous_4)","decl":{"start":{"line":40,"column":21},"end":{"line":40,"column":22}},"loc":{"start":{"line":40,"column":33},"end":{"line":56,"column":1}},"line":40},"5":{"name":"_callee2","decl":{"start":{"line":41,"column":100},"end":{"line":41,"column":108}},"loc":{"start":{"line":41,"column":125},"end":{"line":52,"column":3}},"line":41},"6":{"name":"_callee2$","decl":{"start":{"line":42,"column":49},"end":{"line":42,"column":58}},"loc":{"start":{"line":42,"column":70},"end":{"line":51,"column":5}},"line":42},"7":{"name":"(anonymous_7)","decl":{"start":{"line":53,"column":9},"end":{"line":53,"column":10}},"loc":{"start":{"line":53,"column":34},"end":{"line":55,"column":3}},"line":53}},"branchMap":{"0":{"loc":{"start":{"line":27,"column":16},"end":{"line":33,"column":7}},"type":"switch","locations":[{"start":{"line":28,"column":8},"end":{"line":29,"column":25}},{"start":{"line":30,"column":8},"end":{"line":30,"column":15}},{"start":{"line":31,"column":8},"end":{"line":32,"column":33}}],"line":27},"1":{"loc":{"start":{"line":43,"column":16},"end":{"line":50,"column":7}},"type":"switch","locations":[{"start":{"line":44,"column":8},"end":{"line":46,"column":17}},{"start":{"line":47,"column":8},"end":{"line":47,"column":15}},{"start":{"line":48,"column":8},"end":{"line":49,"column":34}}],"line":43}},"s":{"0":1,"1":1,"2":1,"3":1,"4":1,"5":1,"6":1,"7":1,"8":1,"9":1,"10":1,"11":1,"12":1,"13":1,"14":1,"15":1,"16":1,"17":1,"18":1,"19":1,"20":1,"21":1,"22":0,"23":0,"24":0,"25":0,"26":0,"27":1,"28":0,"29":1,"30":1,"31":5,"32":5,"33":5,"34":5,"35":5,"36":5,"37":1,"38":5,"39":1,"40":1,"41":1,"42":1,"43":1,"44":1,"45":1},"f":{"0":1,"1":0,"2":0,"3":0,"4":1,"5":5,"6":5,"7":5},"b":{"0":[0,0,0],"1":[5,5,5]},"_coverageSchema":"1a1c01bbd47fc00a2c39e90264f33305004495a9","hash":"adee59ab5dbc993a6b67597e3dab64fafe468603"}
,"D:\\learnings\\Node\\backendFullstack\\dist\\configs\\db.config.js": {"path":"D:\\learnings\\Node\\backendFullstack\\dist\\configs\\db.config.js","statementMap":{"0":{"start":{"line":3,"column":0},"end":{"line":3,"column":27}},"1":{"start":{"line":5,"column":13},"end":{"line":40,"column":1}},"2":{"start":{"line":41,"column":0},"end":{"line":43,"column":2}}},"fnMap":{},"branchMap":{},"s":{"0":1,"1":1,"2":1},"f":{},"b":{},"_coverageSchema":"1a1c01bbd47fc00a2c39e90264f33305004495a9","hash":"96dcc1befd7c6b40c2edf4705828eea7e6241bb2"}
,"D:\\learnings\\Node\\backendFullstack\\dist\\configs\\db.js": {"path":"D:\\learnings\\Node\\backendFullstack\\dist\\configs\\db.js","statementMap":{"0":{"start":{"line":7,"column":16},"end":{"line":7,"column":36}},"1":{"start":{"line":8,"column":15},"end":{"line":8,"column":37}},"2":{"start":{"line":9,"column":11},"end":{"line":9,"column":26}},"3":{"start":{"line":10,"column":16},"end":{"line":10,"column":108}},"4":{"start":{"line":11,"column":9},"end":{"line":16,"column":1}},"5":{"start":{"line":22,"column":0},"end":{"line":26,"column":3}},"6":{"start":{"line":27,"column":0},"end":{"line":31,"column":3}},"7":{"start":{"line":32,"column":0},"end":{"line":36,"column":3}},"8":{"start":{"line":37,"column":0},"end":{"line":41,"column":3}},"9":{"start":{"line":47,"column":0},"end":{"line":51,"column":3}},"10":{"start":{"line":52,"column":0},"end":{"line":56,"column":3}},"11":{"start":{"line":57,"column":0},"end":{"line":61,"column":3}},"12":{"start":{"line":62,"column":0},"end":{"line":66,"column":3}},"13":{"start":{"line":67,"column":0},"end":{"line":67,"column":20}}},"fnMap":{},"branchMap":{},"s":{"0":1,"1":1,"2":1,"3":1,"4":1,"5":1,"6":1,"7":1,"8":1,"9":1,"10":1,"11":1,"12":1,"13":1},"f":{},"b":{},"_coverageSchema":"1a1c01bbd47fc00a2c39e90264f33305004495a9","hash":"2df54e5fba72088786ff0fbd002602f56ddcd5f8"}
,"D:\\learnings\\Node\\backendFullstack\\dist\\controllers\\auth.controller.js": {"path":"D:\\learnings\\Node\\backendFullstack\\dist\\controllers\\auth.controller.js","statementMap":{"0":{"start":{"line":3,"column":29},"end":{"line":3,"column":84}},"1":{"start":{"line":4,"column":19},"end":{"line":4,"column":80}},"2":{"start":{"line":5,"column":23},"end":{"line":5,"column":95}},"3":{"start":{"line":6,"column":25},"end":{"line":6,"column":99}},"4":{"start":{"line":7,"column":33},"end":{"line":7,"column":47}},"5":{"start":{"line":7,"column":49},"end":{"line":7,"column":243}},"6":{"start":{"line":7,"column":93},"end":{"line":7,"column":124}},"7":{"start":{"line":7,"column":126},"end":{"line":7,"column":241}},"8":{"start":{"line":7,"column":160},"end":{"line":7,"column":216}},"9":{"start":{"line":7,"column":244},"end":{"line":7,"column":253}},"10":{"start":{"line":8,"column":28},"end":{"line":8,"column":444}},"11":{"start":{"line":8,"column":41},"end":{"line":8,"column":42}},"12":{"start":{"line":8,"column":81},"end":{"line":8,"column":121}},"13":{"start":{"line":8,"column":123},"end":{"line":8,"column":442}},"14":{"start":{"line":8,"column":177},"end":{"line":8,"column":222}},"15":{"start":{"line":8,"column":371},"end":{"line":8,"column":438}},"16":{"start":{"line":8,"column":445},"end":{"line":8,"column":454}},"17":{"start":{"line":9,"column":10},"end":{"line":9,"column":33}},"18":{"start":{"line":10,"column":15},"end":{"line":10,"column":45}},"19":{"start":{"line":11,"column":12},"end":{"line":11,"column":28}},"20":{"start":{"line":12,"column":12},"end":{"line":12,"column":28}},"21":{"start":{"line":13,"column":16},"end":{"line":13,"column":47}},"22":{"start":{"line":14,"column":19},"end":{"line":14,"column":43}},"23":{"start":{"line":15,"column":16},"end":{"line":15,"column":36}},"24":{"start":{"line":16,"column":11},"end":{"line":16,"column":27}},"25":{"start":{"line":17,"column":0},"end":{"line":82,"column":4}},"26":{"start":{"line":18,"column":13},"end":{"line":78,"column":5}},"27":{"start":{"line":20,"column":4},"end":{"line":77,"column":33}},"28":{"start":{"line":21,"column":6},"end":{"line":76,"column":7}},"29":{"start":{"line":21,"column":16},"end":{"line":76,"column":7}},"30":{"start":{"line":23,"column":10},"end":{"line":23,"column":87}},"31":{"start":{"line":24,"column":10},"end":{"line":24,"column":28}},"32":{"start":{"line":25,"column":10},"end":{"line":25,"column":28}},"33":{"start":{"line":26,"column":10},"end":{"line":31,"column":13}},"34":{"start":{"line":33,"column":10},"end":{"line":33,"column":31}},"35":{"start":{"line":34,"column":10},"end":{"line":37,"column":11}},"36":{"start":{"line":35,"column":12},"end":{"line":35,"column":30}},"37":{"start":{"line":36,"column":12},"end":{"line":36,"column":18}},"38":{"start":{"line":38,"column":10},"end":{"line":38,"column":57}},"39":{"start":{"line":39,"column":10},"end":{"line":39,"column":43}},"40":{"start":{"line":41,"column":10},"end":{"line":44,"column":11}},"41":{"start":{"line":42,"column":12},"end":{"line":42,"column":31}},"42":{"start":{"line":43,"column":12},"end":{"line":43,"column":18}},"43":{"start":{"line":45,"column":10},"end":{"line":45,"column":59}},"44":{"start":{"line":46,"column":10},"end":{"line":46,"column":43}},"45":{"start":{"line":48,"column":10},"end":{"line":61,"column":11}},"46":{"start":{"line":49,"column":12},"end":{"line":56,"column":15}},"47":{"start":{"line":57,"column":12},"end":{"line":57,"column":36}},"48":{"start":{"line":58,"column":12},"end":{"line":60,"column":47}},"49":{"start":{"line":62,"column":10},"end":{"line":62,"column":29}},"50":{"start":{"line":63,"column":10},"end":{"line":63,"column":16}},"51":{"start":{"line":65,"column":10},"end":{"line":65,"column":29}},"52":{"start":{"line":66,"column":10},"end":{"line":66,"column":45}},"53":{"start":{"line":67,"column":10},"end":{"line":67,"column":35}},"54":{"start":{"line":68,"column":10},"end":{"line":68,"column":29}},"55":{"start":{"line":69,"column":10},"end":{"line":69,"column":45}},"56":{"start":{"line":71,"column":10},"end":{"line":71,"column":36}},"57":{"start":{"line":72,"column":10},"end":{"line":72,"column":89}},"58":{"start":{"line":75,"column":10},"end":{"line":75,"column":33}},"59":{"start":{"line":79,"column":2},"end":{"line":81,"column":4}},"60":{"start":{"line":80,"column":4},"end":{"line":80,"column":39}}},"fnMap":{"0":{"name":"ownKeys","decl":{"start":{"line":7,"column":9},"end":{"line":7,"column":16}},"loc":{"start":{"line":7,"column":23},"end":{"line":7,"column":255}},"line":7},"1":{"name":"(anonymous_1)","decl":{"start":{"line":7,"column":145},"end":{"line":7,"column":146}},"loc":{"start":{"line":7,"column":158},"end":{"line":7,"column":218}},"line":7},"2":{"name":"_objectSpread","decl":{"start":{"line":8,"column":9},"end":{"line":8,"column":22}},"loc":{"start":{"line":8,"column":26},"end":{"line":8,"column":456}},"line":8},"3":{"name":"(anonymous_3)","decl":{"start":{"line":8,"column":162},"end":{"line":8,"column":163}},"loc":{"start":{"line":8,"column":175},"end":{"line":8,"column":224}},"line":8},"4":{"name":"(anonymous_4)","decl":{"start":{"line":8,"column":356},"end":{"line":8,"column":357}},"loc":{"start":{"line":8,"column":369},"end":{"line":8,"column":440}},"line":8},"5":{"name":"(anonymous_5)","decl":{"start":{"line":17,"column":29},"end":{"line":17,"column":30}},"loc":{"start":{"line":17,"column":41},"end":{"line":82,"column":1}},"line":17},"6":{"name":"_callee","decl":{"start":{"line":18,"column":99},"end":{"line":18,"column":106}},"loc":{"start":{"line":18,"column":117},"end":{"line":78,"column":3}},"line":18},"7":{"name":"_callee$","decl":{"start":{"line":20,"column":49},"end":{"line":20,"column":57}},"loc":{"start":{"line":20,"column":68},"end":{"line":77,"column":5}},"line":20},"8":{"name":"(anonymous_8)","decl":{"start":{"line":79,"column":9},"end":{"line":79,"column":10}},"loc":{"start":{"line":79,"column":28},"end":{"line":81,"column":3}},"line":79}},"branchMap":{"0":{"loc":{"start":{"line":7,"column":49},"end":{"line":7,"column":243}},"type":"if","locations":[{"start":{"line":7,"column":49},"end":{"line":7,"column":243}},{"start":{},"end":{}}],"line":7},"1":{"loc":{"start":{"line":7,"column":126},"end":{"line":7,"column":220}},"type":"binary-expr","locations":[{"start":{"line":7,"column":126},"end":{"line":7,"column":127}},{"start":{"line":7,"column":132},"end":{"line":7,"column":219}}],"line":7},"2":{"loc":{"start":{"line":8,"column":81},"end":{"line":8,"column":121}},"type":"cond-expr","locations":[{"start":{"line":8,"column":104},"end":{"line":8,"column":116}},{"start":{"line":8,"column":119},"end":{"line":8,"column":121}}],"line":8},"3":{"loc":{"start":{"line":8,"column":123},"end":{"line":8,"column":441}},"type":"cond-expr","locations":[{"start":{"line":8,"column":131},"end":{"line":8,"column":225}},{"start":{"line":8,"column":228},"end":{"line":8,"column":441}}],"line":8},"4":{"loc":{"start":{"line":8,"column":228},"end":{"line":8,"column":441}},"type":"cond-expr","locations":[{"start":{"line":8,"column":263},"end":{"line":8,"column":326}},{"start":{"line":8,"column":329},"end":{"line":8,"column":441}}],"line":8},"5":{"loc":{"start":{"line":21,"column":16},"end":{"line":76,"column":7}},"type":"switch","locations":[{"start":{"line":22,"column":8},"end":{"line":31,"column":13}},{"start":{"line":32,"column":8},"end":{"line":39,"column":43}},{"start":{"line":40,"column":8},"end":{"line":46,"column":43}},{"start":{"line":47,"column":8},"end":{"line":63,"column":16}},{"start":{"line":64,"column":8},"end":{"line":69,"column":45}},{"start":{"line":70,"column":8},"end":{"line":72,"column":89}},{"start":{"line":73,"column":8},"end":{"line":73,"column":16}},{"start":{"line":74,"column":8},"end":{"line":75,"column":33}}],"line":21},"6":{"loc":{"start":{"line":34,"column":10},"end":{"line":37,"column":11}},"type":"if","locations":[{"start":{"line":34,"column":10},"end":{"line":37,"column":11}},{"start":{},"end":{}}],"line":34},"7":{"loc":{"start":{"line":41,"column":10},"end":{"line":44,"column":11}},"type":"if","locations":[{"start":{"line":41,"column":10},"end":{"line":44,"column":11}},{"start":{},"end":{}}],"line":41},"8":{"loc":{"start":{"line":48,"column":10},"end":{"line":61,"column":11}},"type":"if","locations":[{"start":{"line":48,"column":10},"end":{"line":61,"column":11}},{"start":{},"end":{}}],"line":48},"9":{"loc":{"start":{"line":72,"column":23},"end":{"line":72,"column":82}},"type":"cond-expr","locations":[{"start":{"line":72,"column":46},"end":{"line":72,"column":66}},{"start":{"line":72,"column":69},"end":{"line":72,"column":82}}],"line":72}},"s":{"0":1,"1":1,"2":1,"3":1,"4":2,"5":2,"6":2,"7":2,"8":0,"9":2,"10":2,"11":2,"12":3,"13":3,"14":8,"15":0,"16":2,"17":1,"18":1,"19":1,"20":1,"21":1,"22":1,"23":1,"24":1,"25":1,"26":1,"27":3,"28":8,"29":12,"30":3,"31":3,"32":3,"33":3,"34":3,"35":3,"36":2,"37":2,"38":1,"39":1,"40":2,"41":1,"42":1,"43":1,"44":1,"45":1,"46":1,"47":1,"48":1,"49":1,"50":1,"51":0,"52":0,"53":0,"54":0,"55":0,"56":0,"57":0,"58":3,"59":1,"60":3},"f":{"0":2,"1":0,"2":2,"3":8,"4":0,"5":1,"6":3,"7":8,"8":3},"b":{"0":[2,0],"1":[2,2],"2":[3,0],"3":[2,1],"4":[1,0],"5":[3,3,2,1,0,0,1,3],"6":[2,1],"7":[1,1],"8":[1,0],"9":[0,0]},"_coverageSchema":"1a1c01bbd47fc00a2c39e90264f33305004495a9","hash":"7b8a6171c3e84c0da6843f9b6a13aa5ea2cb46b1"}
,"D:\\learnings\\Node\\backendFullstack\\dist\\controllers\\task.controller.js": {"path":"D:\\learnings\\Node\\backendFullstack\\dist\\controllers\\task.controller.js","statementMap":{"0":{"start":{"line":3,"column":29},"end":{"line":3,"column":84}},"1":{"start":{"line":4,"column":19},"end":{"line":4,"column":80}},"2":{"start":{"line":5,"column":22},"end":{"line":5,"column":93}},"3":{"start":{"line":6,"column":15},"end":{"line":6,"column":79}},"4":{"start":{"line":7,"column":23},"end":{"line":7,"column":95}},"5":{"start":{"line":8,"column":25},"end":{"line":8,"column":99}},"6":{"start":{"line":9,"column":33},"end":{"line":9,"column":47}},"7":{"start":{"line":9,"column":49},"end":{"line":9,"column":243}},"8":{"start":{"line":9,"column":93},"end":{"line":9,"column":124}},"9":{"start":{"line":9,"column":126},"end":{"line":9,"column":241}},"10":{"start":{"line":9,"column":160},"end":{"line":9,"column":216}},"11":{"start":{"line":9,"column":244},"end":{"line":9,"column":253}},"12":{"start":{"line":10,"column":28},"end":{"line":10,"column":444}},"13":{"start":{"line":10,"column":41},"end":{"line":10,"column":42}},"14":{"start":{"line":10,"column":81},"end":{"line":10,"column":121}},"15":{"start":{"line":10,"column":123},"end":{"line":10,"column":442}},"16":{"start":{"line":10,"column":177},"end":{"line":10,"column":222}},"17":{"start":{"line":10,"column":371},"end":{"line":10,"column":438}},"18":{"start":{"line":10,"column":445},"end":{"line":10,"column":454}},"19":{"start":{"line":11,"column":15},"end":{"line":11,"column":46}},"20":{"start":{"line":12,"column":19},"end":{"line":12,"column":42}},"21":{"start":{"line":13,"column":16},"end":{"line":13,"column":46}},"22":{"start":{"line":14,"column":12},"end":{"line":14,"column":29}},"23":{"start":{"line":15,"column":12},"end":{"line":15,"column":29}},"24":{"start":{"line":16,"column":0},"end":{"line":65,"column":4}},"25":{"start":{"line":17,"column":13},"end":{"line":61,"column":5}},"26":{"start":{"line":19,"column":4},"end":{"line":60,"column":33}},"27":{"start":{"line":20,"column":6},"end":{"line":59,"column":7}},"28":{"start":{"line":20,"column":16},"end":{"line":59,"column":7}},"29":{"start":{"line":22,"column":10},"end":{"line":22,"column":91}},"30":{"start":{"line":23,"column":10},"end":{"line":23,"column":38}},"31":{"start":{"line":24,"column":10},"end":{"line":24,"column":28}},"32":{"start":{"line":25,"column":10},"end":{"line":25,"column":42}},"33":{"start":{"line":27,"column":10},"end":{"line":27,"column":28}},"34":{"start":{"line":28,"column":10},"end":{"line":28,"column":28}},"35":{"start":{"line":29,"column":10},"end":{"line":29,"column":28}},"36":{"start":{"line":30,"column":10},"end":{"line":36,"column":13}},"37":{"start":{"line":38,"column":10},"end":{"line":38,"column":31}},"38":{"start":{"line":39,"column":10},"end":{"line":41,"column":13}},"39":{"start":{"line":42,"column":10},"end":{"line":42,"column":21}},"40":{"start":{"line":43,"column":10},"end":{"line":43,"column":58}},"41":{"start":{"line":44,"column":10},"end":{"line":44,"column":29}},"42":{"start":{"line":45,"column":10},"end":{"line":45,"column":16}},"43":{"start":{"line":47,"column":10},"end":{"line":47,"column":29}},"44":{"start":{"line":48,"column":10},"end":{"line":48,"column":45}},"45":{"start":{"line":49,"column":10},"end":{"line":49,"column":35}},"46":{"start":{"line":50,"column":10},"end":{"line":50,"column":29}},"47":{"start":{"line":51,"column":10},"end":{"line":51,"column":45}},"48":{"start":{"line":53,"column":10},"end":{"line":53,"column":36}},"49":{"start":{"line":54,"column":10},"end":{"line":54,"column":23}},"50":{"start":{"line":55,"column":10},"end":{"line":55,"column":89}},"51":{"start":{"line":58,"column":10},"end":{"line":58,"column":33}},"52":{"start":{"line":62,"column":2},"end":{"line":64,"column":4}},"53":{"start":{"line":63,"column":4},"end":{"line":63,"column":39}},"54":{"start":{"line":66,"column":0},"end":{"line":118,"column":4}},"55":{"start":{"line":67,"column":14},"end":{"line":114,"column":5}},"56":{"start":{"line":69,"column":4},"end":{"line":113,"column":34}},"57":{"start":{"line":70,"column":6},"end":{"line":112,"column":7}},"58":{"start":{"line":70,"column":16},"end":{"line":112,"column":7}},"59":{"start":{"line":72,"column":10},"end":{"line":72,"column":27}},"60":{"start":{"line":73,"column":10},"end":{"line":73,"column":29}},"61":{"start":{"line":74,"column":10},"end":{"line":74,"column":42}},"62":{"start":{"line":76,"column":10},"end":{"line":76,"column":29}},"63":{"start":{"line":77,"column":10},"end":{"line":77,"column":29}},"64":{"start":{"line":78,"column":10},"end":{"line":78,"column":29}},"65":{"start":{"line":79,"column":10},"end":{"line":84,"column":13}},"66":{"start":{"line":86,"column":10},"end":{"line":86,"column":32}},"67":{"start":{"line":87,"column":10},"end":{"line":87,"column":21}},"68":{"start":{"line":88,"column":10},"end":{"line":96,"column":11}},"69":{"start":{"line":89,"column":12},"end":{"line":91,"column":44}},"70":{"start":{"line":93,"column":12},"end":{"line":95,"column":34}},"71":{"start":{"line":97,"column":10},"end":{"line":97,"column":30}},"72":{"start":{"line":98,"column":10},"end":{"line":98,"column":16}},"73":{"start":{"line":100,"column":10},"end":{"line":100,"column":30}},"74":{"start":{"line":101,"column":10},"end":{"line":101,"column":47}},"75":{"start":{"line":102,"column":10},"end":{"line":102,"column":45}},"76":{"start":{"line":103,"column":10},"end":{"line":103,"column":30}},"77":{"start":{"line":104,"column":10},"end":{"line":104,"column":46}},"78":{"start":{"line":106,"column":10},"end":{"line":106,"column":37}},"79":{"start":{"line":107,"column":10},"end":{"line":107,"column":23}},"80":{"start":{"line":108,"column":10},"end":{"line":108,"column":89}},"81":{"start":{"line":111,"column":10},"end":{"line":111,"column":34}},"82":{"start":{"line":115,"column":2},"end":{"line":117,"column":4}},"83":{"start":{"line":116,"column":4},"end":{"line":116,"column":40}},"84":{"start":{"line":119,"column":0},"end":{"line":168,"column":4}},"85":{"start":{"line":120,"column":14},"end":{"line":164,"column":5}},"86":{"start":{"line":122,"column":4},"end":{"line":163,"column":34}},"87":{"start":{"line":123,"column":6},"end":{"line":162,"column":7}},"88":{"start":{"line":123,"column":16},"end":{"line":162,"column":7}},"89":{"start":{"line":125,"column":10},"end":{"line":125,"column":110}},"90":{"start":{"line":126,"column":10},"end":{"line":126,"column":38}},"91":{"start":{"line":127,"column":10},"end":{"line":127,"column":29}},"92":{"start":{"line":128,"column":10},"end":{"line":128,"column":42}},"93":{"start":{"line":130,"column":10},"end":{"line":130,"column":29}},"94":{"start":{"line":131,"column":10},"end":{"line":131,"column":29}},"95":{"start":{"line":132,"column":10},"end":{"line":132,"column":29}},"96":{"start":{"line":133,"column":10},"end":{"line":142,"column":13}},"97":{"start":{"line":144,"column":10},"end":{"line":144,"column":32}},"98":{"start":{"line":145,"column":10},"end":{"line":145,"column":21}},"99":{"start":{"line":146,"column":10},"end":{"line":146,"column":70}},"100":{"start":{"line":147,"column":10},"end":{"line":147,"column":30}},"101":{"start":{"line":148,"column":10},"end":{"line":148,"column":16}},"102":{"start":{"line":150,"column":10},"end":{"line":150,"column":30}},"103":{"start":{"line":151,"column":10},"end":{"line":151,"column":47}},"104":{"start":{"line":152,"column":10},"end":{"line":152,"column":45}},"105":{"start":{"line":153,"column":10},"end":{"line":153,"column":30}},"106":{"start":{"line":154,"column":10},"end":{"line":154,"column":46}},"107":{"start":{"line":156,"column":10},"end":{"line":156,"column":37}},"108":{"start":{"line":157,"column":10},"end":{"line":157,"column":23}},"109":{"start":{"line":158,"column":10},"end":{"line":158,"column":89}},"110":{"start":{"line":161,"column":10},"end":{"line":161,"column":34}},"111":{"start":{"line":165,"column":2},"end":{"line":167,"column":4}},"112":{"start":{"line":166,"column":4},"end":{"line":166,"column":40}},"113":{"start":{"line":169,"column":0},"end":{"line":220,"column":4}},"114":{"start":{"line":170,"column":14},"end":{"line":216,"column":5}},"115":{"start":{"line":172,"column":4},"end":{"line":215,"column":34}},"116":{"start":{"line":173,"column":6},"end":{"line":214,"column":7}},"117":{"start":{"line":173,"column":16},"end":{"line":214,"column":7}},"118":{"start":{"line":175,"column":10},"end":{"line":175,"column":172}},"119":{"start":{"line":176,"column":10},"end":{"line":176,"column":38}},"120":{"start":{"line":177,"column":10},"end":{"line":177,"column":29}},"121":{"start":{"line":178,"column":10},"end":{"line":178,"column":42}},"122":{"start":{"line":180,"column":10},"end":{"line":180,"column":29}},"123":{"start":{"line":181,"column":10},"end":{"line":181,"column":29}},"124":{"start":{"line":182,"column":10},"end":{"line":182,"column":29}},"125":{"start":{"line":183,"column":10},"end":{"line":194,"column":13}},"126":{"start":{"line":196,"column":10},"end":{"line":196,"column":32}},"127":{"start":{"line":197,"column":10},"end":{"line":197,"column":21}},"128":{"start":{"line":198,"column":10},"end":{"line":198,"column":63}},"129":{"start":{"line":199,"column":10},"end":{"line":199,"column":30}},"130":{"start":{"line":200,"column":10},"end":{"line":200,"column":16}},"131":{"start":{"line":202,"column":10},"end":{"line":202,"column":30}},"132":{"start":{"line":203,"column":10},"end":{"line":203,"column":47}},"133":{"start":{"line":204,"column":10},"end":{"line":204,"column":45}},"134":{"start":{"line":205,"column":10},"end":{"line":205,"column":30}},"135":{"start":{"line":206,"column":10},"end":{"line":206,"column":46}},"136":{"start":{"line":208,"column":10},"end":{"line":208,"column":37}},"137":{"start":{"line":209,"column":10},"end":{"line":209,"column":23}},"138":{"start":{"line":210,"column":10},"end":{"line":210,"column":89}},"139":{"start":{"line":213,"column":10},"end":{"line":213,"column":34}},"140":{"start":{"line":217,"column":2},"end":{"line":219,"column":4}},"141":{"start":{"line":218,"column":4},"end":{"line":218,"column":40}},"142":{"start":{"line":221,"column":0},"end":{"line":300,"column":4}},"143":{"start":{"line":222,"column":14},"end":{"line":296,"column":5}},"144":{"start":{"line":224,"column":4},"end":{"line":295,"column":34}},"145":{"start":{"line":225,"column":6},"end":{"line":294,"column":7}},"146":{"start":{"line":225,"column":16},"end":{"line":294,"column":7}},"147":{"start":{"line":227,"column":10},"end":{"line":227,"column":194}},"148":{"start":{"line":228,"column":10},"end":{"line":228,"column":38}},"149":{"start":{"line":229,"column":10},"end":{"line":252,"column":13}},"150":{"start":{"line":253,"column":10},"end":{"line":273,"column":11}},"151":{"start":{"line":254,"column":12},"end":{"line":272,"column":13}},"152":{"start":{"line":255,"column":14},"end":{"line":255,"column":152}},"153":{"start":{"line":256,"column":14},"end":{"line":271,"column":15}},"154":{"start":{"line":257,"column":16},"end":{"line":259,"column":19}},"155":{"start":{"line":258,"column":18},"end":{"line":258,"column":93}},"156":{"start":{"line":260,"column":16},"end":{"line":270,"column":17}},"157":{"start":{"line":261,"column":18},"end":{"line":263,"column":20}},"158":{"start":{"line":264,"column":23},"end":{"line":270,"column":17}},"159":{"start":{"line":265,"column":18},"end":{"line":267,"column":20}},"160":{"start":{"line":269,"column":18},"end":{"line":269,"column":92}},"161":{"start":{"line":274,"column":10},"end":{"line":274,"column":29}},"162":{"start":{"line":275,"column":10},"end":{"line":275,"column":29}},"163":{"start":{"line":276,"column":10},"end":{"line":276,"column":44}},"164":{"start":{"line":278,"column":10},"end":{"line":278,"column":32}},"165":{"start":{"line":279,"column":10},"end":{"line":279,"column":63}},"166":{"start":{"line":280,"column":10},"end":{"line":280,"column":30}},"167":{"start":{"line":281,"column":10},"end":{"line":281,"column":16}},"168":{"start":{"line":283,"column":10},"end":{"line":283,"column":30}},"169":{"start":{"line":284,"column":10},"end":{"line":284,"column":47}},"170":{"start":{"line":285,"column":10},"end":{"line":285,"column":45}},"171":{"start":{"line":286,"column":10},"end":{"line":286,"column":30}},"172":{"start":{"line":287,"column":10},"end":{"line":287,"column":46}},"173":{"start":{"line":289,"column":10},"end":{"line":289,"column":37}},"174":{"start":{"line":290,"column":10},"end":{"line":290,"column":89}},"175":{"start":{"line":293,"column":10},"end":{"line":293,"column":34}},"176":{"start":{"line":297,"column":2},"end":{"line":299,"column":4}},"177":{"start":{"line":298,"column":4},"end":{"line":298,"column":40}}},"fnMap":{"0":{"name":"ownKeys","decl":{"start":{"line":9,"column":9},"end":{"line":9,"column":16}},"loc":{"start":{"line":9,"column":23},"end":{"line":9,"column":255}},"line":9},"1":{"name":"(anonymous_1)","decl":{"start":{"line":9,"column":145},"end":{"line":9,"column":146}},"loc":{"start":{"line":9,"column":158},"end":{"line":9,"column":218}},"line":9},"2":{"name":"_objectSpread","decl":{"start":{"line":10,"column":9},"end":{"line":10,"column":22}},"loc":{"start":{"line":10,"column":26},"end":{"line":10,"column":456}},"line":10},"3":{"name":"(anonymous_3)","decl":{"start":{"line":10,"column":162},"end":{"line":10,"column":163}},"loc":{"start":{"line":10,"column":175},"end":{"line":10,"column":224}},"line":10},"4":{"name":"(anonymous_4)","decl":{"start":{"line":10,"column":356},"end":{"line":10,"column":357}},"loc":{"start":{"line":10,"column":369},"end":{"line":10,"column":440}},"line":10},"5":{"name":"(anonymous_5)","decl":{"start":{"line":16,"column":30},"end":{"line":16,"column":31}},"loc":{"start":{"line":16,"column":42},"end":{"line":65,"column":1}},"line":16},"6":{"name":"_callee","decl":{"start":{"line":17,"column":99},"end":{"line":17,"column":106}},"loc":{"start":{"line":17,"column":117},"end":{"line":61,"column":3}},"line":17},"7":{"name":"_callee$","decl":{"start":{"line":19,"column":49},"end":{"line":19,"column":57}},"loc":{"start":{"line":19,"column":68},"end":{"line":60,"column":5}},"line":19},"8":{"name":"(anonymous_8)","decl":{"start":{"line":62,"column":9},"end":{"line":62,"column":10}},"loc":{"start":{"line":62,"column":28},"end":{"line":64,"column":3}},"line":62},"9":{"name":"(anonymous_9)","decl":{"start":{"line":66,"column":33},"end":{"line":66,"column":34}},"loc":{"start":{"line":66,"column":45},"end":{"line":118,"column":1}},"line":66},"10":{"name":"_callee2","decl":{"start":{"line":67,"column":100},"end":{"line":67,"column":108}},"loc":{"start":{"line":67,"column":119},"end":{"line":114,"column":3}},"line":67},"11":{"name":"_callee2$","decl":{"start":{"line":69,"column":49},"end":{"line":69,"column":58}},"loc":{"start":{"line":69,"column":70},"end":{"line":113,"column":5}},"line":69},"12":{"name":"(anonymous_12)","decl":{"start":{"line":115,"column":9},"end":{"line":115,"column":10}},"loc":{"start":{"line":115,"column":29},"end":{"line":117,"column":3}},"line":115},"13":{"name":"(anonymous_13)","decl":{"start":{"line":119,"column":36},"end":{"line":119,"column":37}},"loc":{"start":{"line":119,"column":48},"end":{"line":168,"column":1}},"line":119},"14":{"name":"_callee3","decl":{"start":{"line":120,"column":100},"end":{"line":120,"column":108}},"loc":{"start":{"line":120,"column":119},"end":{"line":164,"column":3}},"line":120},"15":{"name":"_callee3$","decl":{"start":{"line":122,"column":49},"end":{"line":122,"column":58}},"loc":{"start":{"line":122,"column":70},"end":{"line":163,"column":5}},"line":122},"16":{"name":"(anonymous_16)","decl":{"start":{"line":165,"column":9},"end":{"line":165,"column":10}},"loc":{"start":{"line":165,"column":29},"end":{"line":167,"column":3}},"line":165},"17":{"name":"(anonymous_17)","decl":{"start":{"line":169,"column":37},"end":{"line":169,"column":38}},"loc":{"start":{"line":169,"column":49},"end":{"line":220,"column":1}},"line":169},"18":{"name":"_callee4","decl":{"start":{"line":170,"column":100},"end":{"line":170,"column":108}},"loc":{"start":{"line":170,"column":119},"end":{"line":216,"column":3}},"line":170},"19":{"name":"_callee4$","decl":{"start":{"line":172,"column":49},"end":{"line":172,"column":58}},"loc":{"start":{"line":172,"column":70},"end":{"line":215,"column":5}},"line":172},"20":{"name":"(anonymous_20)","decl":{"start":{"line":217,"column":9},"end":{"line":217,"column":10}},"loc":{"start":{"line":217,"column":29},"end":{"line":219,"column":3}},"line":217},"21":{"name":"(anonymous_21)","decl":{"start":{"line":221,"column":31},"end":{"line":221,"column":32}},"loc":{"start":{"line":221,"column":43},"end":{"line":300,"column":1}},"line":221},"22":{"name":"_callee5","decl":{"start":{"line":222,"column":100},"end":{"line":222,"column":108}},"loc":{"start":{"line":222,"column":119},"end":{"line":296,"column":3}},"line":222},"23":{"name":"_callee5$","decl":{"start":{"line":224,"column":49},"end":{"line":224,"column":58}},"loc":{"start":{"line":224,"column":70},"end":{"line":295,"column":5}},"line":224},"24":{"name":"(anonymous_24)","decl":{"start":{"line":257,"column":39},"end":{"line":257,"column":40}},"loc":{"start":{"line":257,"column":54},"end":{"line":259,"column":17}},"line":257},"25":{"name":"(anonymous_25)","decl":{"start":{"line":297,"column":9},"end":{"line":297,"column":10}},"loc":{"start":{"line":297,"column":29},"end":{"line":299,"column":3}},"line":297}},"branchMap":{"0":{"loc":{"start":{"line":9,"column":49},"end":{"line":9,"column":243}},"type":"if","locations":[{"start":{"line":9,"column":49},"end":{"line":9,"column":243}},{"start":{},"end":{}}],"line":9},"1":{"loc":{"start":{"line":9,"column":126},"end":{"line":9,"column":220}},"type":"binary-expr","locations":[{"start":{"line":9,"column":126},"end":{"line":9,"column":127}},{"start":{"line":9,"column":132},"end":{"line":9,"column":219}}],"line":9},"2":{"loc":{"start":{"line":10,"column":81},"end":{"line":10,"column":121}},"type":"cond-expr","locations":[{"start":{"line":10,"column":104},"end":{"line":10,"column":116}},{"start":{"line":10,"column":119},"end":{"line":10,"column":121}}],"line":10},"3":{"loc":{"start":{"line":10,"column":123},"end":{"line":10,"column":441}},"type":"cond-expr","locations":[{"start":{"line":10,"column":131},"end":{"line":10,"column":225}},{"start":{"line":10,"column":228},"end":{"line":10,"column":441}}],"line":10},"4":{"loc":{"start":{"line":10,"column":228},"end":{"line":10,"column":441}},"type":"cond-expr","locations":[{"start":{"line":10,"column":263},"end":{"line":10,"column":326}},{"start":{"line":10,"column":329},"end":{"line":10,"column":441}}],"line":10},"5":{"loc":{"start":{"line":20,"column":16},"end":{"line":59,"column":7}},"type":"switch","locations":[{"start":{"line":21,"column":8},"end":{"line":25,"column":42}},{"start":{"line":26,"column":8},"end":{"line":36,"column":13}},{"start":{"line":37,"column":8},"end":{"line":45,"column":16}},{"start":{"line":46,"column":8},"end":{"line":51,"column":45}},{"start":{"line":52,"column":8},"end":{"line":55,"column":89}},{"start":{"line":56,"column":8},"end":{"line":56,"column":16}},{"start":{"line":57,"column":8},"end":{"line":58,"column":33}}],"line":20},"6":{"loc":{"start":{"line":55,"column":23},"end":{"line":55,"column":82}},"type":"cond-expr","locations":[{"start":{"line":55,"column":46},"end":{"line":55,"column":66}},{"start":{"line":55,"column":69},"end":{"line":55,"column":82}}],"line":55},"7":{"loc":{"start":{"line":70,"column":16},"end":{"line":112,"column":7}},"type":"switch","locations":[{"start":{"line":71,"column":8},"end":{"line":74,"column":42}},{"start":{"line":75,"column":8},"end":{"line":84,"column":13}},{"start":{"line":85,"column":8},"end":{"line":98,"column":16}},{"start":{"line":99,"column":8},"end":{"line":104,"column":46}},{"start":{"line":105,"column":8},"end":{"line":108,"column":89}},{"start":{"line":109,"column":8},"end":{"line":109,"column":16}},{"start":{"line":110,"column":8},"end":{"line":111,"column":34}}],"line":70},"8":{"loc":{"start":{"line":88,"column":10},"end":{"line":96,"column":11}},"type":"if","locations":[{"start":{"line":88,"column":10},"end":{"line":96,"column":11}},{"start":{"line":92,"column":17},"end":{"line":96,"column":11}}],"line":88},"9":{"loc":{"start":{"line":108,"column":23},"end":{"line":108,"column":82}},"type":"cond-expr","locations":[{"start":{"line":108,"column":46},"end":{"line":108,"column":66}},{"start":{"line":108,"column":69},"end":{"line":108,"column":82}}],"line":108},"10":{"loc":{"start":{"line":123,"column":16},"end":{"line":162,"column":7}},"type":"switch","locations":[{"start":{"line":124,"column":8},"end":{"line":128,"column":42}},{"start":{"line":129,"column":8},"end":{"line":142,"column":13}},{"start":{"line":143,"column":8},"end":{"line":148,"column":16}},{"start":{"line":149,"column":8},"end":{"line":154,"column":46}},{"start":{"line":155,"column":8},"end":{"line":158,"column":89}},{"start":{"line":159,"column":8},"end":{"line":159,"column":16}},{"start":{"line":160,"column":8},"end":{"line":161,"column":34}}],"line":123},"11":{"loc":{"start":{"line":158,"column":23},"end":{"line":158,"column":82}},"type":"cond-expr","locations":[{"start":{"line":158,"column":46},"end":{"line":158,"column":66}},{"start":{"line":158,"column":69},"end":{"line":158,"column":82}}],"line":158},"12":{"loc":{"start":{"line":173,"column":16},"end":{"line":214,"column":7}},"type":"switch","locations":[{"start":{"line":174,"column":8},"end":{"line":178,"column":42}},{"start":{"line":179,"column":8},"end":{"line":194,"column":13}},{"start":{"line":195,"column":8},"end":{"line":200,"column":16}},{"start":{"line":201,"column":8},"end":{"line":206,"column":46}},{"start":{"line":207,"column":8},"end":{"line":210,"column":89}},{"start":{"line":211,"column":8},"end":{"line":211,"column":16}},{"start":{"line":212,"column":8},"end":{"line":213,"column":34}}],"line":173},"13":{"loc":{"start":{"line":210,"column":23},"end":{"line":210,"column":82}},"type":"cond-expr","locations":[{"start":{"line":210,"column":46},"end":{"line":210,"column":66}},{"start":{"line":210,"column":69},"end":{"line":210,"column":82}}],"line":210},"14":{"loc":{"start":{"line":225,"column":16},"end":{"line":294,"column":7}},"type":"switch","locations":[{"start":{"line":226,"column":8},"end":{"line":276,"column":44}},{"start":{"line":277,"column":8},"end":{"line":281,"column":16}},{"start":{"line":282,"column":8},"end":{"line":287,"column":46}},{"start":{"line":288,"column":8},"end":{"line":290,"column":89}},{"start":{"line":291,"column":8},"end":{"line":291,"column":16}},{"start":{"line":292,"column":8},"end":{"line":293,"column":34}}],"line":225},"15":{"loc":{"start":{"line":245,"column":21},"end":{"line":245,"column":35}},"type":"binary-expr","locations":[{"start":{"line":245,"column":21},"end":{"line":245,"column":27}},{"start":{"line":245,"column":31},"end":{"line":245,"column":35}}],"line":245},"16":{"loc":{"start":{"line":245,"column":37},"end":{"line":245,"column":138}},"type":"binary-expr","locations":[{"start":{"line":245,"column":38},"end":{"line":245,"column":127}},{"start":{"line":245,"column":132},"end":{"line":245,"column":138}}],"line":245},"17":{"loc":{"start":{"line":245,"column":38},"end":{"line":245,"column":127}},"type":"cond-expr","locations":[{"start":{"line":245,"column":91},"end":{"line":245,"column":97}},{"start":{"line":245,"column":100},"end":{"line":245,"column":127}}],"line":245},"18":{"loc":{"start":{"line":245,"column":38},"end":{"line":245,"column":88}},"type":"binary-expr","locations":[{"start":{"line":245,"column":38},"end":{"line":245,"column":60}},{"start":{"line":245,"column":64},"end":{"line":245,"column":88}}],"line":245},"19":{"loc":{"start":{"line":246,"column":13},"end":{"line":248,"column":11}},"type":"binary-expr","locations":[{"start":{"line":246,"column":13},"end":{"line":246,"column":18}},{"start":{"line":246,"column":22},"end":{"line":248,"column":11}}],"line":246},"20":{"loc":{"start":{"line":248,"column":14},"end":{"line":250,"column":11}},"type":"binary-expr","locations":[{"start":{"line":248,"column":14},"end":{"line":248,"column":18}},{"start":{"line":248,"column":22},"end":{"line":250,"column":11}}],"line":248},"21":{"loc":{"start":{"line":253,"column":10},"end":{"line":273,"column":11}},"type":"if","locations":[{"start":{"line":253,"column":10},"end":{"line":273,"column":11}},{"start":{},"end":{}}],"line":253},"22":{"loc":{"start":{"line":253,"column":14},"end":{"line":253,"column":83}},"type":"binary-expr","locations":[{"start":{"line":253,"column":14},"end":{"line":253,"column":27}},{"start":{"line":253,"column":31},"end":{"line":253,"column":83}}],"line":253},"23":{"loc":{"start":{"line":256,"column":14},"end":{"line":271,"column":15}},"type":"if","locations":[{"start":{"line":256,"column":14},"end":{"line":271,"column":15}},{"start":{},"end":{}}],"line":256},"24":{"loc":{"start":{"line":256,"column":18},"end":{"line":256,"column":60}},"type":"binary-expr","locations":[{"start":{"line":256,"column":18},"end":{"line":256,"column":39}},{"start":{"line":256,"column":43},"end":{"line":256,"column":60}}],"line":256},"25":{"loc":{"start":{"line":260,"column":16},"end":{"line":270,"column":17}},"type":"if","locations":[{"start":{"line":260,"column":16},"end":{"line":270,"column":17}},{"start":{"line":264,"column":23},"end":{"line":270,"column":17}}],"line":260},"26":{"loc":{"start":{"line":264,"column":23},"end":{"line":270,"column":17}},"type":"if","locations":[{"start":{"line":264,"column":23},"end":{"line":270,"column":17}},{"start":{"line":268,"column":23},"end":{"line":270,"column":17}}],"line":264},"27":{"loc":{"start":{"line":290,"column":23},"end":{"line":290,"column":82}},"type":"cond-expr","locations":[{"start":{"line":290,"column":46},"end":{"line":290,"column":66}},{"start":{"line":290,"column":69},"end":{"line":290,"column":82}}],"line":290}},"s":{"0":1,"1":1,"2":1,"3":1,"4":1,"5":1,"6":0,"7":0,"8":0,"9":0,"10":0,"11":0,"12":0,"13":0,"14":0,"15":0,"16":0,"17":0,"18":0,"19":1,"20":1,"21":1,"22":1,"23":1,"24":1,"25":1,"26":0,"27":0,"28":0,"29":0,"30":0,"31":0,"32":0,"33":0,"34":0,"35":0,"36":0,"37":0,"38":0,"39":0,"40":0,"41":0,"42":0,"43":0,"44":0,"45":0,"46":0,"47":0,"48":0,"49":0,"50":0,"51":0,"52":1,"53":0,"54":1,"55":1,"56":0,"57":0,"58":0,"59":0,"60":0,"61":0,"62":0,"63":0,"64":0,"65":0,"66":0,"67":0,"68":0,"69":0,"70":0,"71":0,"72":0,"73":0,"74":0,"75":0,"76":0,"77":0,"78":0,"79":0,"80":0,"81":0,"82":1,"83":0,"84":1,"85":1,"86":0,"87":0,"88":0,"89":0,"90":0,"91":0,"92":0,"93":0,"94":0,"95":0,"96":0,"97":0,"98":0,"99":0,"100":0,"101":0,"102":0,"103":0,"104":0,"105":0,"106":0,"107":0,"108":0,"109":0,"110":0,"111":1,"112":0,"113":1,"114":1,"115":0,"116":0,"117":0,"118":0,"119":0,"120":0,"121":0,"122":0,"123":0,"124":0,"125":0,"126":0,"127":0,"128":0,"129":0,"130":0,"131":0,"132":0,"133":0,"134":0,"135":0,"136":0,"137":0,"138":0,"139":0,"140":1,"141":0,"142":1,"143":1,"144":0,"145":0,"146":0,"147":0,"148":0,"149":0,"150":0,"151":0,"152":0,"153":0,"154":0,"155":0,"156":0,"157":0,"158":0,"159":0,"160":0,"161":0,"162":0,"163":0,"164":0,"165":0,"166":0,"167":0,"168":0,"169":0,"170":0,"171":0,"172":0,"173":0,"174":0,"175":0,"176":1,"177":0},"f":{"0":0,"1":0,"2":0,"3":0,"4":0,"5":1,"6":0,"7":0,"8":0,"9":1,"10":0,"11":0,"12":0,"13":1,"14":0,"15":0,"16":0,"17":1,"18":0,"19":0,"20":0,"21":1,"22":0,"23":0,"24":0,"25":0},"b":{"0":[0,0],"1":[0,0],"2":[0,0],"3":[0,0],"4":[0,0],"5":[0,0,0,0,0,0,0],"6":[0,0],"7":[0,0,0,0,0,0,0],"8":[0,0],"9":[0,0],"10":[0,0,0,0,0,0,0],"11":[0,0],"12":[0,0,0,0,0,0,0],"13":[0,0],"14":[0,0,0,0,0,0],"15":[0,0],"16":[0,0],"17":[0,0],"18":[0,0],"19":[0,0],"20":[0,0],"21":[0,0],"22":[0,0],"23":[0,0],"24":[0,0],"25":[0,0],"26":[0,0],"27":[0,0]},"_coverageSchema":"1a1c01bbd47fc00a2c39e90264f33305004495a9","hash":"99c6cd830d49e23cbd9ed7c10d71c80798d13d73"}
,"D:\\learnings\\Node\\backendFullstack\\dist\\controllers\\user.controller.js": {"path":"D:\\learnings\\Node\\backendFullstack\\dist\\controllers\\user.controller.js","statementMap":{"0":{"start":{"line":3,"column":29},"end":{"line":3,"column":84}},"1":{"start":{"line":4,"column":19},"end":{"line":4,"column":80}},"2":{"start":{"line":5,"column":22},"end":{"line":5,"column":93}},"3":{"start":{"line":6,"column":15},"end":{"line":6,"column":79}},"4":{"start":{"line":7,"column":23},"end":{"line":7,"column":95}},"5":{"start":{"line":8,"column":25},"end":{"line":8,"column":99}},"6":{"start":{"line":9,"column":33},"end":{"line":9,"column":47}},"7":{"start":{"line":9,"column":49},"end":{"line":9,"column":243}},"8":{"start":{"line":9,"column":93},"end":{"line":9,"column":124}},"9":{"start":{"line":9,"column":126},"end":{"line":9,"column":241}},"10":{"start":{"line":9,"column":160},"end":{"line":9,"column":216}},"11":{"start":{"line":9,"column":244},"end":{"line":9,"column":253}},"12":{"start":{"line":10,"column":28},"end":{"line":10,"column":444}},"13":{"start":{"line":10,"column":41},"end":{"line":10,"column":42}},"14":{"start":{"line":10,"column":81},"end":{"line":10,"column":121}},"15":{"start":{"line":10,"column":123},"end":{"line":10,"column":442}},"16":{"start":{"line":10,"column":177},"end":{"line":10,"column":222}},"17":{"start":{"line":10,"column":371},"end":{"line":10,"column":438}},"18":{"start":{"line":10,"column":445},"end":{"line":10,"column":454}},"19":{"start":{"line":11,"column":15},"end":{"line":11,"column":35}},"20":{"start":{"line":12,"column":11},"end":{"line":12,"column":26}},"21":{"start":{"line":13,"column":16},"end":{"line":13,"column":47}},"22":{"start":{"line":14,"column":19},"end":{"line":14,"column":43}},"23":{"start":{"line":15,"column":16},"end":{"line":15,"column":46}},"24":{"start":{"line":16,"column":12},"end":{"line":16,"column":29}},"25":{"start":{"line":17,"column":12},"end":{"line":17,"column":29}},"26":{"start":{"line":18,"column":16},"end":{"line":18,"column":36}},"27":{"start":{"line":19,"column":7},"end":{"line":19,"column":19}},"28":{"start":{"line":20,"column":0},"end":{"line":72,"column":4}},"29":{"start":{"line":21,"column":13},"end":{"line":68,"column":5}},"30":{"start":{"line":23,"column":4},"end":{"line":67,"column":33}},"31":{"start":{"line":24,"column":6},"end":{"line":66,"column":7}},"32":{"start":{"line":24,"column":16},"end":{"line":66,"column":7}},"33":{"start":{"line":26,"column":10},"end":{"line":26,"column":133}},"34":{"start":{"line":27,"column":10},"end":{"line":27,"column":38}},"35":{"start":{"line":28,"column":10},"end":{"line":28,"column":28}},"36":{"start":{"line":29,"column":10},"end":{"line":29,"column":42}},"37":{"start":{"line":31,"column":10},"end":{"line":31,"column":28}},"38":{"start":{"line":32,"column":10},"end":{"line":32,"column":28}},"39":{"start":{"line":33,"column":10},"end":{"line":33,"column":28}},"40":{"start":{"line":34,"column":10},"end":{"line":42,"column":13}},"41":{"start":{"line":44,"column":10},"end":{"line":44,"column":31}},"42":{"start":{"line":45,"column":10},"end":{"line":47,"column":13}},"43":{"start":{"line":48,"column":10},"end":{"line":48,"column":31}},"44":{"start":{"line":49,"column":10},"end":{"line":49,"column":21}},"45":{"start":{"line":50,"column":10},"end":{"line":50,"column":58}},"46":{"start":{"line":51,"column":10},"end":{"line":51,"column":29}},"47":{"start":{"line":52,"column":10},"end":{"line":52,"column":16}},"48":{"start":{"line":54,"column":10},"end":{"line":54,"column":29}},"49":{"start":{"line":55,"column":10},"end":{"line":55,"column":45}},"50":{"start":{"line":56,"column":10},"end":{"line":56,"column":35}},"51":{"start":{"line":57,"column":10},"end":{"line":57,"column":29}},"52":{"start":{"line":58,"column":10},"end":{"line":58,"column":45}},"53":{"start":{"line":60,"column":10},"end":{"line":60,"column":36}},"54":{"start":{"line":61,"column":10},"end":{"line":61,"column":23}},"55":{"start":{"line":62,"column":10},"end":{"line":62,"column":89}},"56":{"start":{"line":65,"column":10},"end":{"line":65,"column":33}},"57":{"start":{"line":69,"column":2},"end":{"line":71,"column":4}},"58":{"start":{"line":70,"column":4},"end":{"line":70,"column":39}},"59":{"start":{"line":73,"column":0},"end":{"line":152,"column":4}},"60":{"start":{"line":74,"column":14},"end":{"line":148,"column":5}},"61":{"start":{"line":76,"column":4},"end":{"line":147,"column":34}},"62":{"start":{"line":77,"column":6},"end":{"line":146,"column":7}},"63":{"start":{"line":77,"column":16},"end":{"line":146,"column":7}},"64":{"start":{"line":79,"column":10},"end":{"line":79,"column":194}},"65":{"start":{"line":80,"column":10},"end":{"line":80,"column":38}},"66":{"start":{"line":81,"column":10},"end":{"line":104,"column":13}},"67":{"start":{"line":105,"column":10},"end":{"line":125,"column":11}},"68":{"start":{"line":106,"column":12},"end":{"line":124,"column":13}},"69":{"start":{"line":107,"column":14},"end":{"line":107,"column":152}},"70":{"start":{"line":108,"column":14},"end":{"line":123,"column":15}},"71":{"start":{"line":109,"column":16},"end":{"line":111,"column":19}},"72":{"start":{"line":110,"column":18},"end":{"line":110,"column":93}},"73":{"start":{"line":112,"column":16},"end":{"line":122,"column":17}},"74":{"start":{"line":113,"column":18},"end":{"line":115,"column":20}},"75":{"start":{"line":116,"column":23},"end":{"line":122,"column":17}},"76":{"start":{"line":117,"column":18},"end":{"line":119,"column":20}},"77":{"start":{"line":121,"column":18},"end":{"line":121,"column":92}},"78":{"start":{"line":126,"column":10},"end":{"line":126,"column":29}},"79":{"start":{"line":127,"column":10},"end":{"line":127,"column":29}},"80":{"start":{"line":128,"column":10},"end":{"line":128,"column":44}},"81":{"start":{"line":130,"column":10},"end":{"line":130,"column":32}},"82":{"start":{"line":131,"column":10},"end":{"line":131,"column":63}},"83":{"start":{"line":132,"column":10},"end":{"line":132,"column":30}},"84":{"start":{"line":133,"column":10},"end":{"line":133,"column":16}},"85":{"start":{"line":135,"column":10},"end":{"line":135,"column":30}},"86":{"start":{"line":136,"column":10},"end":{"line":136,"column":47}},"87":{"start":{"line":137,"column":10},"end":{"line":137,"column":45}},"88":{"start":{"line":138,"column":10},"end":{"line":138,"column":30}},"89":{"start":{"line":139,"column":10},"end":{"line":139,"column":46}},"90":{"start":{"line":141,"column":10},"end":{"line":141,"column":37}},"91":{"start":{"line":142,"column":10},"end":{"line":142,"column":89}},"92":{"start":{"line":145,"column":10},"end":{"line":145,"column":34}},"93":{"start":{"line":149,"column":2},"end":{"line":151,"column":4}},"94":{"start":{"line":150,"column":4},"end":{"line":150,"column":40}},"95":{"start":{"line":153,"column":0},"end":{"line":213,"column":4}},"96":{"start":{"line":154,"column":14},"end":{"line":209,"column":5}},"97":{"start":{"line":156,"column":4},"end":{"line":208,"column":34}},"98":{"start":{"line":157,"column":6},"end":{"line":207,"column":7}},"99":{"start":{"line":157,"column":16},"end":{"line":207,"column":7}},"100":{"start":{"line":159,"column":10},"end":{"line":159,"column":27}},"101":{"start":{"line":160,"column":10},"end":{"line":160,"column":29}},"102":{"start":{"line":161,"column":10},"end":{"line":161,"column":42}},"103":{"start":{"line":163,"column":10},"end":{"line":163,"column":29}},"104":{"start":{"line":164,"column":10},"end":{"line":164,"column":29}},"105":{"start":{"line":165,"column":10},"end":{"line":165,"column":29}},"106":{"start":{"line":166,"column":10},"end":{"line":171,"column":13}},"107":{"start":{"line":173,"column":10},"end":{"line":173,"column":29}},"108":{"start":{"line":174,"column":10},"end":{"line":179,"column":13}},"109":{"start":{"line":181,"column":10},"end":{"line":181,"column":32}},"110":{"start":{"line":182,"column":10},"end":{"line":182,"column":21}},"111":{"start":{"line":183,"column":10},"end":{"line":191,"column":11}},"112":{"start":{"line":184,"column":12},"end":{"line":186,"column":44}},"113":{"start":{"line":188,"column":12},"end":{"line":190,"column":34}},"114":{"start":{"line":192,"column":10},"end":{"line":192,"column":30}},"115":{"start":{"line":193,"column":10},"end":{"line":193,"column":16}},"116":{"start":{"line":195,"column":10},"end":{"line":195,"column":30}},"117":{"start":{"line":196,"column":10},"end":{"line":196,"column":47}},"118":{"start":{"line":197,"column":10},"end":{"line":197,"column":45}},"119":{"start":{"line":198,"column":10},"end":{"line":198,"column":30}},"120":{"start":{"line":199,"column":10},"end":{"line":199,"column":46}},"121":{"start":{"line":201,"column":10},"end":{"line":201,"column":37}},"122":{"start":{"line":202,"column":10},"end":{"line":202,"column":23}},"123":{"start":{"line":203,"column":10},"end":{"line":203,"column":89}},"124":{"start":{"line":206,"column":10},"end":{"line":206,"column":34}},"125":{"start":{"line":210,"column":2},"end":{"line":212,"column":4}},"126":{"start":{"line":211,"column":4},"end":{"line":211,"column":40}},"127":{"start":{"line":214,"column":0},"end":{"line":264,"column":4}},"128":{"start":{"line":215,"column":14},"end":{"line":260,"column":5}},"129":{"start":{"line":217,"column":4},"end":{"line":259,"column":34}},"130":{"start":{"line":218,"column":6},"end":{"line":258,"column":7}},"131":{"start":{"line":218,"column":16},"end":{"line":258,"column":7}},"132":{"start":{"line":220,"column":10},"end":{"line":220,"column":126}},"133":{"start":{"line":221,"column":10},"end":{"line":221,"column":38}},"134":{"start":{"line":222,"column":10},"end":{"line":222,"column":29}},"135":{"start":{"line":223,"column":10},"end":{"line":223,"column":42}},"136":{"start":{"line":225,"column":10},"end":{"line":225,"column":29}},"137":{"start":{"line":226,"column":10},"end":{"line":226,"column":29}},"138":{"start":{"line":227,"column":10},"end":{"line":227,"column":29}},"139":{"start":{"line":228,"column":10},"end":{"line":238,"column":13}},"140":{"start":{"line":240,"column":10},"end":{"line":240,"column":32}},"141":{"start":{"line":241,"column":10},"end":{"line":241,"column":21}},"142":{"start":{"line":242,"column":10},"end":{"line":242,"column":58}},"143":{"start":{"line":243,"column":10},"end":{"line":243,"column":30}},"144":{"start":{"line":244,"column":10},"end":{"line":244,"column":16}},"145":{"start":{"line":246,"column":10},"end":{"line":246,"column":30}},"146":{"start":{"line":247,"column":10},"end":{"line":247,"column":47}},"147":{"start":{"line":248,"column":10},"end":{"line":248,"column":45}},"148":{"start":{"line":249,"column":10},"end":{"line":249,"column":30}},"149":{"start":{"line":250,"column":10},"end":{"line":250,"column":46}},"150":{"start":{"line":252,"column":10},"end":{"line":252,"column":37}},"151":{"start":{"line":253,"column":10},"end":{"line":253,"column":23}},"152":{"start":{"line":254,"column":10},"end":{"line":254,"column":89}},"153":{"start":{"line":257,"column":10},"end":{"line":257,"column":34}},"154":{"start":{"line":261,"column":2},"end":{"line":263,"column":4}},"155":{"start":{"line":262,"column":4},"end":{"line":262,"column":40}},"156":{"start":{"line":265,"column":0},"end":{"line":313,"column":4}},"157":{"start":{"line":266,"column":14},"end":{"line":309,"column":5}},"158":{"start":{"line":268,"column":4},"end":{"line":308,"column":34}},"159":{"start":{"line":269,"column":6},"end":{"line":307,"column":7}},"160":{"start":{"line":269,"column":16},"end":{"line":307,"column":7}},"161":{"start":{"line":271,"column":10},"end":{"line":271,"column":84}},"162":{"start":{"line":272,"column":10},"end":{"line":272,"column":38}},"163":{"start":{"line":273,"column":10},"end":{"line":273,"column":29}},"164":{"start":{"line":274,"column":10},"end":{"line":274,"column":42}},"165":{"start":{"line":276,"column":10},"end":{"line":276,"column":29}},"166":{"start":{"line":277,"column":10},"end":{"line":277,"column":29}},"167":{"start":{"line":278,"column":10},"end":{"line":278,"column":29}},"168":{"start":{"line":279,"column":10},"end":{"line":287,"column":13}},"169":{"start":{"line":289,"column":10},"end":{"line":289,"column":32}},"170":{"start":{"line":290,"column":10},"end":{"line":290,"column":21}},"171":{"start":{"line":291,"column":10},"end":{"line":291,"column":58}},"172":{"start":{"line":292,"column":10},"end":{"line":292,"column":30}},"173":{"start":{"line":293,"column":10},"end":{"line":293,"column":16}},"174":{"start":{"line":295,"column":10},"end":{"line":295,"column":30}},"175":{"start":{"line":296,"column":10},"end":{"line":296,"column":47}},"176":{"start":{"line":297,"column":10},"end":{"line":297,"column":45}},"177":{"start":{"line":298,"column":10},"end":{"line":298,"column":30}},"178":{"start":{"line":299,"column":10},"end":{"line":299,"column":46}},"179":{"start":{"line":301,"column":10},"end":{"line":301,"column":37}},"180":{"start":{"line":302,"column":10},"end":{"line":302,"column":23}},"181":{"start":{"line":303,"column":10},"end":{"line":303,"column":89}},"182":{"start":{"line":306,"column":10},"end":{"line":306,"column":34}},"183":{"start":{"line":310,"column":2},"end":{"line":312,"column":4}},"184":{"start":{"line":311,"column":4},"end":{"line":311,"column":40}}},"fnMap":{"0":{"name":"ownKeys","decl":{"start":{"line":9,"column":9},"end":{"line":9,"column":16}},"loc":{"start":{"line":9,"column":23},"end":{"line":9,"column":255}},"line":9},"1":{"name":"(anonymous_1)","decl":{"start":{"line":9,"column":145},"end":{"line":9,"column":146}},"loc":{"start":{"line":9,"column":158},"end":{"line":9,"column":218}},"line":9},"2":{"name":"_objectSpread","decl":{"start":{"line":10,"column":9},"end":{"line":10,"column":22}},"loc":{"start":{"line":10,"column":26},"end":{"line":10,"column":456}},"line":10},"3":{"name":"(anonymous_3)","decl":{"start":{"line":10,"column":162},"end":{"line":10,"column":163}},"loc":{"start":{"line":10,"column":175},"end":{"line":10,"column":224}},"line":10},"4":{"name":"(anonymous_4)","decl":{"start":{"line":10,"column":356},"end":{"line":10,"column":357}},"loc":{"start":{"line":10,"column":369},"end":{"line":10,"column":440}},"line":10},"5":{"name":"(anonymous_5)","decl":{"start":{"line":20,"column":30},"end":{"line":20,"column":31}},"loc":{"start":{"line":20,"column":42},"end":{"line":72,"column":1}},"line":20},"6":{"name":"_callee","decl":{"start":{"line":21,"column":99},"end":{"line":21,"column":106}},"loc":{"start":{"line":21,"column":117},"end":{"line":68,"column":3}},"line":21},"7":{"name":"_callee$","decl":{"start":{"line":23,"column":49},"end":{"line":23,"column":57}},"loc":{"start":{"line":23,"column":68},"end":{"line":67,"column":5}},"line":23},"8":{"name":"(anonymous_8)","decl":{"start":{"line":69,"column":9},"end":{"line":69,"column":10}},"loc":{"start":{"line":69,"column":28},"end":{"line":71,"column":3}},"line":69},"9":{"name":"(anonymous_9)","decl":{"start":{"line":73,"column":35},"end":{"line":73,"column":36}},"loc":{"start":{"line":73,"column":47},"end":{"line":152,"column":1}},"line":73},"10":{"name":"_callee2","decl":{"start":{"line":74,"column":100},"end":{"line":74,"column":108}},"loc":{"start":{"line":74,"column":119},"end":{"line":148,"column":3}},"line":74},"11":{"name":"_callee2$","decl":{"start":{"line":76,"column":49},"end":{"line":76,"column":58}},"loc":{"start":{"line":76,"column":70},"end":{"line":147,"column":5}},"line":76},"12":{"name":"(anonymous_12)","decl":{"start":{"line":109,"column":39},"end":{"line":109,"column":40}},"loc":{"start":{"line":109,"column":54},"end":{"line":111,"column":17}},"line":109},"13":{"name":"(anonymous_13)","decl":{"start":{"line":149,"column":9},"end":{"line":149,"column":10}},"loc":{"start":{"line":149,"column":29},"end":{"line":151,"column":3}},"line":149},"14":{"name":"(anonymous_14)","decl":{"start":{"line":153,"column":35},"end":{"line":153,"column":36}},"loc":{"start":{"line":153,"column":47},"end":{"line":213,"column":1}},"line":153},"15":{"name":"_callee3","decl":{"start":{"line":154,"column":100},"end":{"line":154,"column":108}},"loc":{"start":{"line":154,"column":119},"end":{"line":209,"column":3}},"line":154},"16":{"name":"_callee3$","decl":{"start":{"line":156,"column":49},"end":{"line":156,"column":58}},"loc":{"start":{"line":156,"column":70},"end":{"line":208,"column":5}},"line":156},"17":{"name":"(anonymous_17)","decl":{"start":{"line":210,"column":9},"end":{"line":210,"column":10}},"loc":{"start":{"line":210,"column":29},"end":{"line":212,"column":3}},"line":210},"18":{"name":"(anonymous_18)","decl":{"start":{"line":214,"column":37},"end":{"line":214,"column":38}},"loc":{"start":{"line":214,"column":49},"end":{"line":264,"column":1}},"line":214},"19":{"name":"_callee4","decl":{"start":{"line":215,"column":100},"end":{"line":215,"column":108}},"loc":{"start":{"line":215,"column":119},"end":{"line":260,"column":3}},"line":215},"20":{"name":"_callee4$","decl":{"start":{"line":217,"column":49},"end":{"line":217,"column":58}},"loc":{"start":{"line":217,"column":70},"end":{"line":259,"column":5}},"line":217},"21":{"name":"(anonymous_21)","decl":{"start":{"line":261,"column":9},"end":{"line":261,"column":10}},"loc":{"start":{"line":261,"column":29},"end":{"line":263,"column":3}},"line":261},"22":{"name":"(anonymous_22)","decl":{"start":{"line":265,"column":38},"end":{"line":265,"column":39}},"loc":{"start":{"line":265,"column":50},"end":{"line":313,"column":1}},"line":265},"23":{"name":"_callee5","decl":{"start":{"line":266,"column":100},"end":{"line":266,"column":108}},"loc":{"start":{"line":266,"column":119},"end":{"line":309,"column":3}},"line":266},"24":{"name":"_callee5$","decl":{"start":{"line":268,"column":49},"end":{"line":268,"column":58}},"loc":{"start":{"line":268,"column":70},"end":{"line":308,"column":5}},"line":268},"25":{"name":"(anonymous_25)","decl":{"start":{"line":310,"column":9},"end":{"line":310,"column":10}},"loc":{"start":{"line":310,"column":29},"end":{"line":312,"column":3}},"line":310}},"branchMap":{"0":{"loc":{"start":{"line":9,"column":49},"end":{"line":9,"column":243}},"type":"if","locations":[{"start":{"line":9,"column":49},"end":{"line":9,"column":243}},{"start":{},"end":{}}],"line":9},"1":{"loc":{"start":{"line":9,"column":126},"end":{"line":9,"column":220}},"type":"binary-expr","locations":[{"start":{"line":9,"column":126},"end":{"line":9,"column":127}},{"start":{"line":9,"column":132},"end":{"line":9,"column":219}}],"line":9},"2":{"loc":{"start":{"line":10,"column":81},"end":{"line":10,"column":121}},"type":"cond-expr","locations":[{"start":{"line":10,"column":104},"end":{"line":10,"column":116}},{"start":{"line":10,"column":119},"end":{"line":10,"column":121}}],"line":10},"3":{"loc":{"start":{"line":10,"column":123},"end":{"line":10,"column":441}},"type":"cond-expr","locations":[{"start":{"line":10,"column":131},"end":{"line":10,"column":225}},{"start":{"line":10,"column":228},"end":{"line":10,"column":441}}],"line":10},"4":{"loc":{"start":{"line":10,"column":228},"end":{"line":10,"column":441}},"type":"cond-expr","locations":[{"start":{"line":10,"column":263},"end":{"line":10,"column":326}},{"start":{"line":10,"column":329},"end":{"line":10,"column":441}}],"line":10},"5":{"loc":{"start":{"line":24,"column":16},"end":{"line":66,"column":7}},"type":"switch","locations":[{"start":{"line":25,"column":8},"end":{"line":29,"column":42}},{"start":{"line":30,"column":8},"end":{"line":42,"column":13}},{"start":{"line":43,"column":8},"end":{"line":52,"column":16}},{"start":{"line":53,"column":8},"end":{"line":58,"column":45}},{"start":{"line":59,"column":8},"end":{"line":62,"column":89}},{"start":{"line":63,"column":8},"end":{"line":63,"column":16}},{"start":{"line":64,"column":8},"end":{"line":65,"column":33}}],"line":24},"6":{"loc":{"start":{"line":62,"column":23},"end":{"line":62,"column":82}},"type":"cond-expr","locations":[{"start":{"line":62,"column":46},"end":{"line":62,"column":66}},{"start":{"line":62,"column":69},"end":{"line":62,"column":82}}],"line":62},"7":{"loc":{"start":{"line":77,"column":16},"end":{"line":146,"column":7}},"type":"switch","locations":[{"start":{"line":78,"column":8},"end":{"line":128,"column":44}},{"start":{"line":129,"column":8},"end":{"line":133,"column":16}},{"start":{"line":134,"column":8},"end":{"line":139,"column":46}},{"start":{"line":140,"column":8},"end":{"line":142,"column":89}},{"start":{"line":143,"column":8},"end":{"line":143,"column":16}},{"start":{"line":144,"column":8},"end":{"line":145,"column":34}}],"line":77},"8":{"loc":{"start":{"line":97,"column":21},"end":{"line":97,"column":35}},"type":"binary-expr","locations":[{"start":{"line":97,"column":21},"end":{"line":97,"column":27}},{"start":{"line":97,"column":31},"end":{"line":97,"column":35}}],"line":97},"9":{"loc":{"start":{"line":97,"column":37},"end":{"line":97,"column":138}},"type":"binary-expr","locations":[{"start":{"line":97,"column":38},"end":{"line":97,"column":127}},{"start":{"line":97,"column":132},"end":{"line":97,"column":138}}],"line":97},"10":{"loc":{"start":{"line":97,"column":38},"end":{"line":97,"column":127}},"type":"cond-expr","locations":[{"start":{"line":97,"column":91},"end":{"line":97,"column":97}},{"start":{"line":97,"column":100},"end":{"line":97,"column":127}}],"line":97},"11":{"loc":{"start":{"line":97,"column":38},"end":{"line":97,"column":88}},"type":"binary-expr","locations":[{"start":{"line":97,"column":38},"end":{"line":97,"column":60}},{"start":{"line":97,"column":64},"end":{"line":97,"column":88}}],"line":97},"12":{"loc":{"start":{"line":98,"column":13},"end":{"line":100,"column":11}},"type":"binary-expr","locations":[{"start":{"line":98,"column":13},"end":{"line":98,"column":18}},{"start":{"line":98,"column":22},"end":{"line":100,"column":11}}],"line":98},"13":{"loc":{"start":{"line":100,"column":14},"end":{"line":102,"column":11}},"type":"binary-expr","locations":[{"start":{"line":100,"column":14},"end":{"line":100,"column":18}},{"start":{"line":100,"column":22},"end":{"line":102,"column":11}}],"line":100},"14":{"loc":{"start":{"line":105,"column":10},"end":{"line":125,"column":11}},"type":"if","locations":[{"start":{"line":105,"column":10},"end":{"line":125,"column":11}},{"start":{},"end":{}}],"line":105},"15":{"loc":{"start":{"line":105,"column":14},"end":{"line":105,"column":83}},"type":"binary-expr","locations":[{"start":{"line":105,"column":14},"end":{"line":105,"column":27}},{"start":{"line":105,"column":31},"end":{"line":105,"column":83}}],"line":105},"16":{"loc":{"start":{"line":108,"column":14},"end":{"line":123,"column":15}},"type":"if","locations":[{"start":{"line":108,"column":14},"end":{"line":123,"column":15}},{"start":{},"end":{}}],"line":108},"17":{"loc":{"start":{"line":108,"column":18},"end":{"line":108,"column":60}},"type":"binary-expr","locations":[{"start":{"line":108,"column":18},"end":{"line":108,"column":39}},{"start":{"line":108,"column":43},"end":{"line":108,"column":60}}],"line":108},"18":{"loc":{"start":{"line":112,"column":16},"end":{"line":122,"column":17}},"type":"if","locations":[{"start":{"line":112,"column":16},"end":{"line":122,"column":17}},{"start":{"line":116,"column":23},"end":{"line":122,"column":17}}],"line":112},"19":{"loc":{"start":{"line":116,"column":23},"end":{"line":122,"column":17}},"type":"if","locations":[{"start":{"line":116,"column":23},"end":{"line":122,"column":17}},{"start":{"line":120,"column":23},"end":{"line":122,"column":17}}],"line":116},"20":{"loc":{"start":{"line":142,"column":23},"end":{"line":142,"column":82}},"type":"cond-expr","locations":[{"start":{"line":142,"column":46},"end":{"line":142,"column":66}},{"start":{"line":142,"column":69},"end":{"line":142,"column":82}}],"line":142},"21":{"loc":{"start":{"line":157,"column":16},"end":{"line":207,"column":7}},"type":"switch","locations":[{"start":{"line":158,"column":8},"end":{"line":161,"column":42}},{"start":{"line":162,"column":8},"end":{"line":171,"column":13}},{"start":{"line":172,"column":8},"end":{"line":179,"column":13}},{"start":{"line":180,"column":8},"end":{"line":193,"column":16}},{"start":{"line":194,"column":8},"end":{"line":199,"column":46}},{"start":{"line":200,"column":8},"end":{"line":203,"column":89}},{"start":{"line":204,"column":8},"end":{"line":204,"column":16}},{"start":{"line":205,"column":8},"end":{"line":206,"column":34}}],"line":157},"22":{"loc":{"start":{"line":183,"column":10},"end":{"line":191,"column":11}},"type":"if","locations":[{"start":{"line":183,"column":10},"end":{"line":191,"column":11}},{"start":{"line":187,"column":17},"end":{"line":191,"column":11}}],"line":183},"23":{"loc":{"start":{"line":203,"column":23},"end":{"line":203,"column":82}},"type":"cond-expr","locations":[{"start":{"line":203,"column":46},"end":{"line":203,"column":66}},{"start":{"line":203,"column":69},"end":{"line":203,"column":82}}],"line":203},"24":{"loc":{"start":{"line":218,"column":16},"end":{"line":258,"column":7}},"type":"switch","locations":[{"start":{"line":219,"column":8},"end":{"line":223,"column":42}},{"start":{"line":224,"column":8},"end":{"line":238,"column":13}},{"start":{"line":239,"column":8},"end":{"line":244,"column":16}},{"start":{"line":245,"column":8},"end":{"line":250,"column":46}},{"start":{"line":251,"column":8},"end":{"line":254,"column":89}},{"start":{"line":255,"column":8},"end":{"line":255,"column":16}},{"start":{"line":256,"column":8},"end":{"line":257,"column":34}}],"line":218},"25":{"loc":{"start":{"line":254,"column":23},"end":{"line":254,"column":82}},"type":"cond-expr","locations":[{"start":{"line":254,"column":46},"end":{"line":254,"column":66}},{"start":{"line":254,"column":69},"end":{"line":254,"column":82}}],"line":254},"26":{"loc":{"start":{"line":269,"column":16},"end":{"line":307,"column":7}},"type":"switch","locations":[{"start":{"line":270,"column":8},"end":{"line":274,"column":42}},{"start":{"line":275,"column":8},"end":{"line":287,"column":13}},{"start":{"line":288,"column":8},"end":{"line":293,"column":16}},{"start":{"line":294,"column":8},"end":{"line":299,"column":46}},{"start":{"line":300,"column":8},"end":{"line":303,"column":89}},{"start":{"line":304,"column":8},"end":{"line":304,"column":16}},{"start":{"line":305,"column":8},"end":{"line":306,"column":34}}],"line":269},"27":{"loc":{"start":{"line":303,"column":23},"end":{"line":303,"column":82}},"type":"cond-expr","locations":[{"start":{"line":303,"column":46},"end":{"line":303,"column":66}},{"start":{"line":303,"column":69},"end":{"line":303,"column":82}}],"line":303}},"s":{"0":1,"1":1,"2":1,"3":1,"4":1,"5":1,"6":0,"7":0,"8":0,"9":0,"10":0,"11":0,"12":0,"13":0,"14":0,"15":0,"16":0,"17":0,"18":0,"19":1,"20":1,"21":1,"22":1,"23":1,"24":1,"25":1,"26":1,"27":1,"28":1,"29":1,"30":0,"31":0,"32":0,"33":0,"34":0,"35":0,"36":0,"37":0,"38":0,"39":0,"40":0,"41":0,"42":0,"43":0,"44":0,"45":0,"46":0,"47":0,"48":0,"49":0,"50":0,"51":0,"52":0,"53":0,"54":0,"55":0,"56":0,"57":1,"58":0,"59":1,"60":1,"61":0,"62":0,"63":0,"64":0,"65":0,"66":0,"67":0,"68":0,"69":0,"70":0,"71":0,"72":0,"73":0,"74":0,"75":0,"76":0,"77":0,"78":0,"79":0,"80":0,"81":0,"82":0,"83":0,"84":0,"85":0,"86":0,"87":0,"88":0,"89":0,"90":0,"91":0,"92":0,"93":1,"94":0,"95":1,"96":1,"97":0,"98":0,"99":0,"100":0,"101":0,"102":0,"103":0,"104":0,"105":0,"106":0,"107":0,"108":0,"109":0,"110":0,"111":0,"112":0,"113":0,"114":0,"115":0,"116":0,"117":0,"118":0,"119":0,"120":0,"121":0,"122":0,"123":0,"124":0,"125":1,"126":0,"127":1,"128":1,"129":0,"130":0,"131":0,"132":0,"133":0,"134":0,"135":0,"136":0,"137":0,"138":0,"139":0,"140":0,"141":0,"142":0,"143":0,"144":0,"145":0,"146":0,"147":0,"148":0,"149":0,"150":0,"151":0,"152":0,"153":0,"154":1,"155":0,"156":1,"157":1,"158":0,"159":0,"160":0,"161":0,"162":0,"163":0,"164":0,"165":0,"166":0,"167":0,"168":0,"169":0,"170":0,"171":0,"172":0,"173":0,"174":0,"175":0,"176":0,"177":0,"178":0,"179":0,"180":0,"181":0,"182":0,"183":1,"184":0},"f":{"0":0,"1":0,"2":0,"3":0,"4":0,"5":1,"6":0,"7":0,"8":0,"9":1,"10":0,"11":0,"12":0,"13":0,"14":1,"15":0,"16":0,"17":0,"18":1,"19":0,"20":0,"21":0,"22":1,"23":0,"24":0,"25":0},"b":{"0":[0,0],"1":[0,0],"2":[0,0],"3":[0,0],"4":[0,0],"5":[0,0,0,0,0,0,0],"6":[0,0],"7":[0,0,0,0,0,0],"8":[0,0],"9":[0,0],"10":[0,0],"11":[0,0],"12":[0,0],"13":[0,0],"14":[0,0],"15":[0,0],"16":[0,0],"17":[0,0],"18":[0,0],"19":[0,0],"20":[0,0],"21":[0,0,0,0,0,0,0,0],"22":[0,0],"23":[0,0],"24":[0,0,0,0,0,0,0],"25":[0,0],"26":[0,0,0,0,0,0,0],"27":[0,0]},"_coverageSchema":"1a1c01bbd47fc00a2c39e90264f33305004495a9","hash":"80ac226d8480ab9aa2c93f48647edf453cd2b82b"}
,"D:\\learnings\\Node\\backendFullstack\\dist\\middlewares\\auth.middleware.js": {"path":"D:\\learnings\\Node\\backendFullstack\\dist\\middlewares\\auth.middleware.js","statementMap":{"0":{"start":{"line":3,"column":29},"end":{"line":3,"column":84}},"1":{"start":{"line":4,"column":19},"end":{"line":4,"column":80}},"2":{"start":{"line":5,"column":25},"end":{"line":5,"column":99}},"3":{"start":{"line":6,"column":10},"end":{"line":6,"column":33}},"4":{"start":{"line":7,"column":0},"end":{"line":43,"column":4}},"5":{"start":{"line":8,"column":13},"end":{"line":39,"column":5}},"6":{"start":{"line":10,"column":4},"end":{"line":38,"column":32}},"7":{"start":{"line":11,"column":6},"end":{"line":37,"column":7}},"8":{"start":{"line":11,"column":16},"end":{"line":37,"column":7}},"9":{"start":{"line":13,"column":10},"end":{"line":13,"column":28}},"10":{"start":{"line":14,"column":10},"end":{"line":17,"column":11}},"11":{"start":{"line":15,"column":12},"end":{"line":15,"column":30}},"12":{"start":{"line":16,"column":12},"end":{"line":16,"column":18}},"13":{"start":{"line":18,"column":10},"end":{"line":18,"column":33}},"14":{"start":{"line":20,"column":10},"end":{"line":20,"column":84}},"15":{"start":{"line":21,"column":10},"end":{"line":21,"column":32}},"16":{"start":{"line":22,"column":10},"end":{"line":22,"column":17}},"17":{"start":{"line":23,"column":10},"end":{"line":23,"column":29}},"18":{"start":{"line":24,"column":10},"end":{"line":24,"column":16}},"19":{"start":{"line":26,"column":10},"end":{"line":26,"column":28}},"20":{"start":{"line":27,"column":10},"end":{"line":27,"column":45}},"21":{"start":{"line":28,"column":10},"end":{"line":28,"column":35}},"22":{"start":{"line":29,"column":10},"end":{"line":33,"column":13}},"23":{"start":{"line":36,"column":10},"end":{"line":36,"column":33}},"24":{"start":{"line":40,"column":2},"end":{"line":42,"column":4}},"25":{"start":{"line":41,"column":4},"end":{"line":41,"column":39}}},"fnMap":{"0":{"name":"(anonymous_0)","decl":{"start":{"line":7,"column":30},"end":{"line":7,"column":31}},"loc":{"start":{"line":7,"column":42},"end":{"line":43,"column":1}},"line":7},"1":{"name":"_callee","decl":{"start":{"line":8,"column":99},"end":{"line":8,"column":106}},"loc":{"start":{"line":8,"column":123},"end":{"line":39,"column":3}},"line":8},"2":{"name":"_callee$","decl":{"start":{"line":10,"column":49},"end":{"line":10,"column":57}},"loc":{"start":{"line":10,"column":68},"end":{"line":38,"column":5}},"line":10},"3":{"name":"(anonymous_3)","decl":{"start":{"line":40,"column":9},"end":{"line":40,"column":10}},"loc":{"start":{"line":40,"column":33},"end":{"line":42,"column":3}},"line":40}},"branchMap":{"0":{"loc":{"start":{"line":11,"column":16},"end":{"line":37,"column":7}},"type":"switch","locations":[{"start":{"line":12,"column":8},"end":{"line":18,"column":33}},{"start":{"line":19,"column":8},"end":{"line":24,"column":16}},{"start":{"line":25,"column":8},"end":{"line":33,"column":13}},{"start":{"line":34,"column":8},"end":{"line":34,"column":16}},{"start":{"line":35,"column":8},"end":{"line":36,"column":33}}],"line":11},"1":{"loc":{"start":{"line":14,"column":10},"end":{"line":17,"column":11}},"type":"if","locations":[{"start":{"line":14,"column":10},"end":{"line":17,"column":11}},{"start":{},"end":{}}],"line":14},"2":{"loc":{"start":{"line":32,"column":24},"end":{"line":32,"column":208}},"type":"cond-expr","locations":[{"start":{"line":32,"column":124},"end":{"line":32,"column":163}},{"start":{"line":32,"column":166},"end":{"line":32,"column":208}}],"line":32},"3":{"loc":{"start":{"line":32,"column":25},"end":{"line":32,"column":102}},"type":"cond-expr","locations":[{"start":{"line":32,"column":74},"end":{"line":32,"column":80}},{"start":{"line":32,"column":83},"end":{"line":32,"column":102}}],"line":32},"4":{"loc":{"start":{"line":32,"column":25},"end":{"line":32,"column":71}},"type":"binary-expr","locations":[{"start":{"line":32,"column":25},"end":{"line":32,"column":45}},{"start":{"line":32,"column":49},"end":{"line":32,"column":71}}],"line":32}},"s":{"0":1,"1":1,"2":1,"3":1,"4":1,"5":1,"6":0,"7":0,"8":0,"9":0,"10":0,"11":0,"12":0,"13":0,"14":0,"15":0,"16":0,"17":0,"18":0,"19":0,"20":0,"21":0,"22":0,"23":0,"24":1,"25":0},"f":{"0":1,"1":0,"2":0,"3":0},"b":{"0":[0,0,0,0,0],"1":[0,0],"2":[0,0],"3":[0,0],"4":[0,0]},"_coverageSchema":"1a1c01bbd47fc00a2c39e90264f33305004495a9","hash":"fdb59597ce5fc801395392c04b5fc10513553dfa"}
,"D:\\learnings\\Node\\backendFullstack\\dist\\middlewares\\errorHandler.middleware.js": {"path":"D:\\learnings\\Node\\backendFullstack\\dist\\middlewares\\errorHandler.middleware.js","statementMap":{"0":{"start":{"line":3,"column":15},"end":{"line":3,"column":45}},"1":{"start":{"line":4,"column":19},"end":{"line":22,"column":1}},"2":{"start":{"line":5,"column":18},"end":{"line":5,"column":42}},"3":{"start":{"line":8,"column":2},"end":{"line":8,"column":104}},"4":{"start":{"line":9,"column":2},"end":{"line":9,"column":49}},"5":{"start":{"line":10,"column":2},"end":{"line":10,"column":19}},"6":{"start":{"line":11,"column":2},"end":{"line":13,"column":3}},"7":{"start":{"line":12,"column":4},"end":{"line":12,"column":29}},"8":{"start":{"line":16,"column":2},"end":{"line":18,"column":3}},"9":{"start":{"line":17,"column":4},"end":{"line":17,"column":69}},"10":{"start":{"line":21,"column":2},"end":{"line":21,"column":158}},"11":{"start":{"line":23,"column":18},"end":{"line":27,"column":1}},"12":{"start":{"line":24,"column":2},"end":{"line":26,"column":4}},"13":{"start":{"line":25,"column":4},"end":{"line":25,"column":55}},"14":{"start":{"line":28,"column":0},"end":{"line":31,"column":2}}},"fnMap":{"0":{"name":"errorHandler","decl":{"start":{"line":4,"column":28},"end":{"line":4,"column":40}},"loc":{"start":{"line":4,"column":62},"end":{"line":22,"column":1}},"line":4},"1":{"name":"catchErrors","decl":{"start":{"line":23,"column":27},"end":{"line":23,"column":38}},"loc":{"start":{"line":23,"column":43},"end":{"line":27,"column":1}},"line":23},"2":{"name":"(anonymous_2)","decl":{"start":{"line":24,"column":9},"end":{"line":24,"column":10}},"loc":{"start":{"line":24,"column":35},"end":{"line":26,"column":3}},"line":24}},"branchMap":{"0":{"loc":{"start":{"line":11,"column":2},"end":{"line":13,"column":3}},"type":"if","locations":[{"start":{"line":11,"column":2},"end":{"line":13,"column":3}},{"start":{},"end":{}}],"line":11},"1":{"loc":{"start":{"line":16,"column":2},"end":{"line":18,"column":3}},"type":"if","locations":[{"start":{"line":16,"column":2},"end":{"line":18,"column":3}},{"start":{},"end":{}}],"line":16},"2":{"loc":{"start":{"line":16,"column":6},"end":{"line":16,"column":48}},"type":"binary-expr","locations":[{"s
[...]
,"D:\\learnings\\Node\\backendFullstack\\src\\middlewares\\errorHandler.middleware.js": {"path":"D:\\learnings\\Node\\backendFullstack\\src\\middlewares\\errorHandler.middleware.js","statementMap":{"0":{"start":{"line":1,"column":17},"end":{"line":1,"column":47}},"1":{"start":{"line":3,"column":21},"end":{"line":27,"column":1}},"2":{"start":{"line":4,"column":20},"end":{"line":4,"column":44}},"3":{"start":{"line":7,"column":2},"end":{"line":7,"column":78}},"4":{"start":{"line":8,"column":2},"end":{"line":8,"column":43}},"5":{"start":{"line":9,"column":2},"end":{"line":9,"column":19}},"6":{"start":{"line":11,"column":2},"end":{"line":13,"column":3}},"7":{"start":{"line":12,"column":4},"end":{"line":12,"column":29}},"8":{"start":{"line":16,"column":2},"end":{"line":18,"column":3}},"9":{"start":{"line":17,"column":4},"end":{"line":17,"column":69}},"10":{"start":{"line":21,"column":2},"end":{"line":26,"column":4}},"11":{"start":{"line":29,"column":20},"end":{"line":33,"column":1}},"12":{"start":{"line":30,"column":2},"end":{"line":32,"column":4}},"13":{"start":{"line":31,"column":4},"end":{"line":31,"column":52}},"14":{"start":{"line":35,"column":0},"end":{"line":35,"column":47}}},"fnMap":{"0":{"name":"(anonymous_0)","decl":{"start":{"line":3,"column":21},"end":{"line":3,"column":22}},"loc":{"start":{"line":3,"column":46},"end":{"line":27,"column":1}},"line":3},"1":{"name":"(anonymous_1)","decl":{"start":{"line":29,"column":20},"end":{"line":29,"column":21}},"loc":{"start":{"line":29,"column":28},"end":{"line":33,"column":1}},"line":29},"2":{"name":"(anonymous_2)","decl":{"start":{"line":30,"column":9},"end":{"line":30,"column":10}},"loc":{"start":{"line":30,"column":35},"end":{"line":32,"column":3}},"line":30}},"branchMap":{"0":{"loc":{"start":{"line":11,"column":2},"end":{"line":13,"column":3}},"type":"if","locations":[{"start":{"line":11,"column":2},"end":{"line":13,"column":3}},{"start":{},"end":{}}],"line":11},"1":{"loc":{"start":{"line":16,"column":2},"end":{"line":18,"column":3}},"type":"if","locations":[{"start":{"line":16,"column":2},"end":{"line":18,"column":3}},{"start":{},"end":{}}],"line":16},"2":{"loc":{"start":{"line":16,"column":6},"end":{"line":16,"column":48}},"type":"binary-expr","locations":[{"start":{"line":16,"column":6},"end":{"line":16,"column":14}},{"start":{"line":16,"column":18},"end":{"line":16,"column":48}}],"line":16},"3":{"loc":{"start":{"line":23,"column":4},"end":{"line":23,"column":42}},"type":"binary-expr","locations":[{"start":{"line":23,"column":4},"end":{"line":23,"column":15}},{"start":{"line":23,"column":19},"end":{"line":23,"column":42}}],"line":23},"4":{"loc":{"start":{"line":24,"column":4},"end":{"line":24,"column":25}},"type":"binary-expr","locations":[{"start":{"line":24,"column":4},"end":{"line":24,"column":18}},{"start":{"line":24,"column":22},"end":{"line":24,"column":25}}],"line":24},"5":{"loc":{"start":{"line":25,"column":4},"end":{"line":25,"column":66}},"type":"cond-expr","locations":[{"start":{"line":25,"column":45},"end":{"line":25,"column":54}},{"start":{"line":25,"column":57},"end":{"line":25,"column":66}}],"line":25}},"s":{"0":1,"1":1,"2":0,"3":0,"4":0,"5":0,"6":0,"7":0,"8":0,"9":0,"10":0,"11":1,"12":11,"13":3,"14":1},"f":{"0":0,"1":11,"2":3},"b":{"0":[0,0],"1":[0,0],"2":[0,0],"3":[0,0],"4":[0,0],"5":[0,0]},"_coverageSchema":"1a1c01bbd47fc00a2c39e90264f33305004495a9","hash":"c78313aa10bd792b60d7b3d8f60d779124141301"}
,"D:\\learnings\\Node\\backendFullstack\\src\\middlewares\\notFound.middleware.js": {"path":"D:\\learnings\\Node\\backendFullstack\\src\\middlewares\\notFound.middleware.js","statementMap":{"0":{"start":{"line":1,"column":0},"end":{"line":6,"column":2}},"1":{"start":{"line":2,"column":2},"end":{"line":5,"column":5}}},"fnMap":{"0":{"name":"(anonymous_0)","decl":{"start":{"line":1,"column":17},"end":{"line":1,"column":18}},"loc":{"start":{"line":1,"column":37},"end":{"line":6,"column":1}},"line":1}},"branchMap":{},"s":{"0":1,"1":0},"f":{"0":0},"b":{},"_coverageSchema":"1a1c01bbd47fc00a2c39e90264f33305004495a9","hash":"938aade23bac888a2a731815d7cdac76e9e8fdc7"}
,"D:\\learnings\\Node\\backendFullstack\\src\\middlewares\\requestValidator.middleware.js": {"path":"D:\\learnings\\Node\\backendFullstack\\src\\middlewares\\requestValidator.middleware.js","statementMap":{"0":{"start":{"line":1,"column":20},"end":{"line":1,"column":50}},"1":{"start":{"line":3,"column":0},"end":{"line":17,"column":2}},"2":{"start":{"line":4,"column":2},"end":{"line":16,"column":4}},"3":{"start":{"line":5,"column":22},"end":{"line":5,"column":73}},"4":{"start":{"line":7,"column":4},"end":{"line":14,"column":5}},"5":{"start":{"line":8,"column":6},"end":{"line":13,"column":8}},"6":{"start":{"line":12,"column":35},"end":{"line":12,"column":46}},"7":{"start":{"line":15,"column":4},"end":{"line":15,"column":11}}},"fnMap":{"0":{"name":"(anonymous_0)","decl":{"start":{"line":3,"column":17},"end":{"line":3,"column":18}},"loc":{"start":{"line":3,"column":32},"end":{"line":17,"column":1}},"line":3},"1":{"name":"(anonymous_1)","decl":{"start":{"line":4,"column":9},"end":{"line":4,"column":10}},"loc":{"start":{"line":4,"column":29},"end":{"line":16,"column":3}},"line":4},"2":{"name":"(anonymous_2)","decl":{"start":{"line":12,"column":26},"end":{"line":12,"column":27}},"loc":{"start":{"line":12,"column":35},"end":{"line":12,"column":46}},"line":12}},"branchMap":{"0":{"loc":{"start":{"line":7,"column":4},"end":{"line":14,"column":5}},"type":"if","locations":[{"start":{"line":7,"column":4},"end":{"line":14,"column":5}},{"start":{},"end":{}}],"line":7}},"s":{"0":1,"1":1,"2":11,"3":5,"4":5,"5":2,"6":2,"7":3},"f":{"0":11,"1":5,"2":2},"b":{"0":[2,3]},"_coverageSchema":"1a1c01bbd47fc00a2c39e90264f33305004495a9","hash":"06dcd4abd585707c9d6d5d6581f4f602116767a0"}
,"D:\\learnings\\Node\\backendFullstack\\src\\middlewares\\roleAuthorizer.middleware.js": {"path":"D:\\learnings\\Node\\backendFullstack\\src\\middlewares\\roleAuthorizer.middleware.js","statementMap":{"0":{"start":{"line":1,"column":20},"end":{"line":1,"column":50}},"1":{"start":{"line":3,"column":23},"end":{"line":11,"column":1}},"2":{"start":{"line":4,"column":2},"end":{"line":10,"column":4}},"3":{"start":{"line":5,"column":4},"end":{"line":9,"column":5}},"4":{"start":{"line":6,"column":6},"end":{"line":6,"column":13}},"5":{"start":{"line":8,"column":6},"end":{"line":8,"column":66}},"6":{"start":{"line":13,"column":0},"end":{"line":13,"column":36}}},"fnMap":{"0":{"name":"(anonymous_0)","decl":{"start":{"line":3,"column":23},"end":{"line":3,"column":24}},"loc":{"start":{"line":3,"column":38},"end":{"line":11,"column":1}},"line":3},"1":{"name":"(anonymous_1)","decl":{"start":{"line":4,"column":9},"end":{"line":4,"column":10}},"loc":{"start":{"line":4,"column":35},"end":{"line":10,"column":3}},"line":4}},"branchMap":{"0":{"loc":{"start":{"line":5,"column":4},"end":{"line":9,"column":5}},"type":"if","locations":[{"start":{"line":5,"column":4},"end":{"line":9,"column":5}},{"start":{"line":7,"column":11},"end":{"line":9,"column":5}}],"line":5}},"s":{"0":1,"1":1,"2":10,"3":0,"4":0,"5":0,"6":1},"f":{"0":10,"1":0},"b":{"0":[0,0]},"_coverageSchema":"1a1c01bbd47fc00a2c39e90264f33305004495a9","hash":"4256d64e67f62fb505dedb0be120b087ffc4c7f7"}
,"D:\\learnings\\Node\\backendFullstack\\src\\models\\task.model.js": {"path":"D:\\learnings\\Node\\backendFullstack\\src\\models\\task.model.js","statementMap":{"0":{"start":{"line":1,"column":0},"end":{"line":43,"column":2}},"1":{"start":{"line":2,"column":15},"end":{"line":41,"column":4}},"2":{"start":{"line":42,"column":2},"end":{"line":42,"column":14}}},"fnMap":{"0":{"name":"(anonymous_0)","decl":{"start":{"line":1,"column":17},"end":{"line":1,"column":18}},"loc":{"start":{"line":1,"column":43},"end":{"line":43,"column":1}},"line":1}},"branchMap":{},"s":{"0":1,"1":1,"2":1},"f":{"0":1},"b":{},"_coverageSchema":"1a1c01bbd47fc00a2c39e90264f33305004495a9","hash":"b1cc3f89c6ae92143e36ee8356d2cca25cd94957"}
,"D:\\learnings\\Node\\backendFullstack\\src\\models\\user.model.js": {"path":"D:\\learnings\\Node\\backendFullstack\\src\\models\\user.model.js","statementMap":{"0":{"start":{"line":1,"column":0},"end":{"line":45,"column":2}},"1":{"start":{"line":2,"column":15},"end":{"line":43,"column":4}},"2":{"start":{"line":44,"column":2},"end":{"line":44,"column":14}}},"fnMap":{"0":{"name":"(anonymous_0)","decl":{"start":{"line":1,"column":17},"end":{"line":1,"column":18}},"loc":{"start":{"line":1,"column":43},"end":{"line":45,"column":1}},"line":1}},"branchMap":{},"s":{"0":1,"1":1,"2":1},"f":{"0":1},"b":{},"_coverageSchema":"1a1c01bbd47fc00a2c39e90264f33305004495a9","hash":"75e8ee6d606d895e6a3ccfe9530ef7719fee5132"}
,"D:\\learnings\\Node\\backendFullstack\\src\\routers\\auth.router.js": {"path":"D:\\learnings\\Node\\backendFullstack\\src\\routers\\auth.router.js","statementMap":{"0":{"start":{"line":1,"column":15},"end":{"line":1,"column":42}},"1":{"start":{"line":3,"column":19},"end":{"line":3,"column":60}},"2":{"start":{"line":4,"column":24},"end":{"line":4,"column":73}},"3":{"start":{"line":5,"column":35},"end":{"line":5,"column":88}},"4":{"start":{"line":6,"column":24},"end":{"line":6,"column":68}},"5":{"start":{"line":8,"column":0},"end":{"line":12,"column":2}},"6":{"start":{"line":14,"column":0},"end":{"line":14,"column":24}}},"fnMap":{},"branchMap":{},"s":{"0":1,"1":1,"2":1,"3":1,"4":1,"5":1,"6":1},"f":{},"b":{},"_coverageSchema":"1a1c01bbd47fc00a2c39e90264f33305004495a9","hash":"52913fc407e4517b808a9a6791d50e6bdd8e6a7f"}
,"D:\\learnings\\Node\\backendFullstack\\src\\routers\\task.router.js": {"path":"D:\\learnings\\Node\\backendFullstack\\src\\routers\\task.router.js","statementMap":{"0":{"start":{"line":1,"column":15},"end":{"line":1,"column":42}},"1":{"start":{"line":2,"column":24},"end":{"line":2,"column":73}},"2":{"start":{"line":3,"column":19},"end":{"line":3,"column":60}},"3":{"start":{"line":4,"column":35},"end":{"line":4,"column":88}},"4":{"start":{"line":6,"column":19},"end":{"line":6,"column":60}},"5":{"start":{"line":7,"column":27},"end":{"line":7,"column":78}},"6":{"start":{"line":14,"column":4},"end":{"line":14,"column":48}},"7":{"start":{"line":16,"column":0},"end":{"line":16,"column":23}},"8":{"start":{"line":18,"column":0},"end":{"line":23,"column":2}},"9":{"start":{"line":25,"column":0},"end":{"line":30,"column":2}},"10":{"start":{"line":32,"column":0},"end":{"line":37,"column":2}},"11":{"start":{"line":39,"column":0},"end":{"line":44,"column":2}},"12":{"start":{"line":46,"column":0},"end":{"line":51,"column":2}},"13":{"start":{"line":53,"column":0},"end":{"line":53,"column":24}}},"fnMap":{},"branchMap":{},"s":{"0":1,"1":1,"2":1,"3":1,"4":1,"5":1,"6":1,"7":1,"8":1,"9":1,"10":1,"11":1,"12":1,"13":1},"f":{},"b":{},"_coverageSchema":"1a1c01bbd47fc00a2c39e90264f33305004495a9","hash":"7028d0e966a929445f7cb66f39f3fddcfd790490"}
,"D:\\learnings\\Node\\backendFullstack\\src\\routers\\user.router.js": {"path":"D:\\learnings\\Node\\backendFullstack\\src\\routers\\user.router.js","statementMap":{"0":{"start":{"line":1,"column":15},"end":{"line":1,"column":42}},"1":{"start":{"line":2,"column":24},"end":{"line":2,"column":73}},"2":{"start":{"line":3,"column":19},"end":{"line":3,"column":60}},"3":{"start":{"line":4,"column":35},"end":{"line":4,"column":88}},"4":{"start":{"line":11,"column":4},"end":{"line":11,"column":48}},"5":{"start":{"line":13,"column":19},"end":{"line":13,"column":60}},"6":{"start":{"line":14,"column":27},"end":{"line":14,"column":78}},"7":{"start":{"line":16,"column":0},"end":{"line":16,"column":23}},"8":{"start":{"line":18,"column":0},"end":{"line":23,"column":2}},"9":{"start":{"line":25,"column":0},"end":{"line":30,"column":2}},"10":{"start":{"line":32,"column":0},"end":{"line":37,"column":2}},"11":{"start":{"line":39,"column":0},"end":{"line":44,"column":2}},"12":{"start":{"line":46,"column":0},"end":{"line":51,"column":2}},"13":{"start":{"line":53,"column":0},"end":{"line":53,"column":24}}},"fnMap":{},"branchMap":{},"s":{"0":1,"1":1,"2":1,"3":1,"4":1,"5":1,"6":1,"7":1,"8":1,"9":1,"10":1,"11":1,"12":1,"13":1},"f":{},"b":{},"_coverageSchema":"1a1c01bbd47fc00a2c39e90264f33305004495a9","hash":"be11c4f1c889524abe882d129a2442a299b7b3b6"}
,"D:\\learnings\\Node\\backendFullstack\\src\\utility\\errorType.js": {"path":"D:\\learnings\\Node\\backendFullstack\\src\\utility\\errorType.js","statementMap":{"0":{"start":{"line":1,"column":0},"end":{"line":28,"column":2}},"1":{"start":{"line":2,"column":2},"end":{"line":27,"column":3}},"2":{"start":{"line":3,"column":4},"end":{"line":10,"column":6}},"3":{"start":{"line":11,"column":9},"end":{"line":27,"column":3}},"4":{"start":{"line":12,"column":4},"end":{"line":18,"column":6}},"5":{"start":{"line":20,"column":4},"end":{"line":26,"column":6}}},"fnMap":{"0":{"name":"(anonymous_0)","decl":{"start":{"line":1,"column":25},"end":{"line":1,"column":26}},"loc":{"start":{"line":1,"column":38},"end":{"line":28,"column":1}},"line":1}},"branchMap":{"0":{"loc":{"start":{"line":2,"column":2},"end":{"line":27,"column":3}},"type":"if","locations":[{"start":{"line":2,"column":2},"end":{"line":27,"column":3}},{"start":{"line":11,"column":9},"end":{"line":27,"column":3}}],"line":2},"1":{"loc":{"start":{"line":11,"column":9},"end":{"line":27,"column":3}},"type":"if","locations":[{"start":{"line":11,"column":9},"end":{"line":27,"column":3}},{"start":{"line":19,"column":9},"end":{"line":27,"column":3}}],"line":11}},"s":{"0":1,"1":0,"2":0,"3":0,"4":0,"5":0},"f":{"0":0},"b":{"0":[0,0],"1":[0,0]},"_coverageSchema":"1a1c01bbd47fc00a2c39e90264f33305004495a9","hash":"9a07fdbf95b97b68d8ebb0a9c950be40e8c1792b"}
,"D:\\learnings\\Node\\backendFullstack\\src\\utility\\logger.js": {"path":"D:\\learnings\\Node\\backendFullstack\\src\\utility\\logger.js","statementMap":{"0":{"start":{"line":1,"column":45},"end":{"line":1,"column":63}},"1":{"start":{"line":2,"column":24},"end":{"line":2,"column":60}},"2":{"start":{"line":3,"column":13},"end":{"line":3,"column":28}},"3":{"start":{"line":5,"column":49},"end":{"line":5,"column":55}},"4":{"start":{"line":7,"column":18},"end":{"line":9,"column":2}},"5":{"start":{"line":8,"column":2},"end":{"line":8,"column":61}},"6":{"start":{"line":11,"column":15},"end":{"line":34,"column":2}},"7":{"start":{"line":37,"column":0},"end":{"line":43,"column":1}},"8":{"start":{"line":38,"column":2},"end":{"line":42,"column":4}},"9":{"start":{"line":45,"column":0},"end":{"line":45,"column":24}}},"fnMap":{"0":{"name":"(anonymous_0)","decl":{"start":{"line":7,"column":25},"end":{"line":7,"column":26}},"loc":{"start":{"line":7,"column":60},"end":{"line":9,"column":1}},"line":7}},"branchMap":{"0":{"loc":{"start":{"line":37,"column":0},"end":{"line":43,"column":1}},"type":"if","locations":[{"start":{"line":37,"column":0},"end":{"line":43,"column":1}},{"start":{},"end":{}}],"line":37}},"s":{"0":1,"1":1,"2":1,"3":1,"4":1,"5":0,"6":1,"7":1,"8":1,"9":1},"f":{"0":0},"b":{"0":[1,0]},"_coverageSchema":"1a1c01bbd47fc00a2c39e90264f33305004495a9","hash":"d74f91abc5064ba4f10f8731239d002da28c99f0"}
,"D:\\learnings\\Node\\backendFullstack\\src\\utility\\response.js": {"path":"D:\\learnings\\Node\\backendFullstack\\src\\utility\\response.js","statementMap":{"0":{"start":{"line":1,"column":0},"end":{"line":23,"column":2}},"1":{"start":{"line":3,"column":4},"end":{"line":7,"column":7}},"2":{"start":{"line":16,"column":4},"end":{"line":21,"column":7}}},"fnMap":{"0":{"name":"(anonymous_0)","decl":{"start":{"line":2,"column":11},"end":{"line":2,"column":12}},"loc":{"start":{"line":2,"column":70},"end":{"line":8,"column":3}},"line":2},"1":{"name":"(anonymous_1)","decl":{"start":{"line":10,"column":11},"end":{"line":10,"column":12}},"loc":{"start":{"line":15,"column":7},"end":{"line":22,"column":3}},"line":15}},"branchMap":{"0":{"loc":{"start":{"line":2,"column":17},"end":{"line":2,"column":26}},"type":"default-arg","locations":[{"start":{"line":2,"column":24},"end":{"line":2,"column":26}}],"line":2},"1":{"loc":{"start":{"line":2,"column":28},"end":{"line":2,"column":47}},"type":"default-arg","locations":[{"start":{"line":2,"column":38},"end":{"line":2,"column":47}}],"line":2},"2":{"loc":{"start":{"line":2,"column":49},"end":{"line":2,"column":65}},"type":"default-arg","locations":[{"start":{"line":2,"column":62},"end":{"line":2,"column":65}}],"line":2},"3":{"loc":{"start":{"line":12,"column":4},"end":{"line":12,"column":36}},"type":"default-arg","locations":[{"start":{"line":12,"column":14},"end":{"line":12,"column":36}}],"line":12},"4":{"loc":{"start":{"line":13,"column":4},"end":{"line":13,"column":20}},"type":"default-arg","locations":[{"start":{"line":13,"column":17},"end":{"line":13,"column":20}}],"line":13},"5":{"loc":{"start":{"line":14,"column":4},"end":{"line":14,"column":16}},"type":"default-arg","locations":[{"start":{"line":14,"column":12},"end":{"line":14,"column":16}}],"line":14}},"s":{"0":1,"1":1,"2":4},"f":{"0":1,"1":4},"b":{"0":[0],"1":[0],"2":[0],"3":[0],"4":[0],"5":[0]},"_coverageSchema":"1a1c01bbd47fc00a2c39e90264f33305004495a9","hash":"96debbf2d821963eac42d485f93a92d1a0f2677f"}
,"D:\\learnings\\Node\\backendFullstack\\src\\validators\\taskModel.validator.js": {"path":"D:\\learnings\\Node\\backendFullstack\\src\\validators\\taskModel.validator.js","statementMap":{"0":{"start":{"line":1,"column":12},"end":{"line":1,"column":26}},"1":{"start":{"line":3,"column":0},"end":{"line":6,"column":3}},"2":{"start":{"line":8,"column":0},"end":{"line":12,"column":3}},"3":{"start":{"line":14,"column":0},"end":{"line":16,"column":3}},"4":{"start":{"line":18,"column":0},"end":{"line":22,"column":3}},"5":{"start":{"line":24,"column":0},"end":{"line":36,"column":3}}},"fnMap":{},"branchMap":{},"s":{"0":1,"1":1,"2":1,"3":1,"4":1,"5":1},"f":{},"b":{},"_coverageSchema":"1a1c01bbd47fc00a2c39e90264f33305004495a9","hash":"b5e2ba8a3e4672098ff2003045148cd259f7ba30"}
,"D:\\learnings\\Node\\backendFullstack\\src\\validators\\userModel.validator.js": {"path":"D:\\learnings\\Node\\backendFullstack\\src\\validators\\userModel.validator.js","statementMap":{"0":{"start":{"line":1,"column":12},"end":{"line":1,"column":26}},"1":{"start":{"line":3,"column":0},"end":{"line":6,"column":3}},"2":{"start":{"line":8,"column":0},"end":{"line":13,"column":3}},"3":{"start":{"line":15,"column":0},"end":{"line":17,"column":3}},"4":{"start":{"line":19,"column":0},"end":{"line":33,"column":3}},"5":{"start":{"line":35,"column":0},"end":{"line":40,"column":3}},"6":{"start":{"line":42,"column":0},"end":{"line":45,"column":3}}},"fnMap":{},"branchMap":{},"s":{"0":1,"1":1,"2":1,"3":1,"4":1,"5":1,"6":1},"f":{},"b":{},"_coverageSchema":"1a1c01bbd47fc00a2c39e90264f33305004495a9","hash":"145d822b989e0285cd15c112c4f7ca746982510a"}
}
