TN:
SF:dist\app.js
FN:24,(anonymous_0)
FN:25,_callee
FN:26,_callee$
FN:36,(anonymous_3)
FN:40,(anonymous_4)
FN:41,_callee2
FN:42,_callee2$
FN:53,(anonymous_7)
FNF:8
FNH:5
FNDA:1,(anonymous_0)
FNDA:0,_callee
FNDA:0,_callee$
FNDA:0,(anonymous_3)
FNDA:1,(anonymous_4)
FNDA:5,_callee2
FNDA:5,_callee2$
FNDA:5,(anonymous_7)
DA:3,1
DA:4,1
DA:5,1
DA:6,1
DA:7,1
DA:8,1
DA:9,1
DA:10,1
DA:11,1
DA:12,1
DA:13,1
DA:14,1
DA:15,1
DA:16,1
DA:17,1
DA:18,1
DA:19,1
DA:20,1
DA:21,1
DA:22,1
DA:24,1
DA:25,1
DA:26,0
DA:27,0
DA:29,0
DA:32,0
DA:36,1
DA:37,0
DA:40,1
DA:41,1
DA:42,5
DA:43,5
DA:45,5
DA:46,5
DA:49,5
DA:53,1
DA:54,5
DA:57,1
DA:58,1
DA:59,1
DA:60,1
DA:61,1
DA:62,1
DA:63,1
LF:44
LH:39
BRDA:27,0,0,0
BRDA:27,0,1,0
BRDA:27,0,2,0
BRDA:43,1,0,5
BRDA:43,1,1,5
BRDA:43,1,2,5
BRF:6
BRH:3
end_of_record
TN:
SF:dist\configs\db.config.js
FNF:0
FNH:0
DA:3,1
DA:5,1
DA:41,1
LF:3
LH:3
BRF:0
BRH:0
end_of_record
TN:
SF:dist\configs\db.js
FNF:0
FNH:0
DA:7,1
DA:8,1
DA:9,1
DA:10,1
DA:11,1
DA:22,1
DA:27,1
DA:32,1
DA:37,1
DA:47,1
DA:52,1
DA:57,1
DA:62,1
DA:67,1
LF:14
LH:14
BRF:0
BRH:0
end_of_record
TN:
SF:dist\controllers\auth.controller.js
FN:7,ownKeys
FN:7,(anonymous_1)
FN:8,_objectSpread
FN:8,(anonymous_3)
FN:8,(anonymous_4)
FN:17,(anonymous_5)
FN:18,_callee
FN:20,_callee$
FN:79,(anonymous_8)
FNF:9
FNH:7
FNDA:2,ownKeys
FNDA:0,(anonymous_1)
FNDA:2,_objectSpread
FNDA:8,(anonymous_3)
FNDA:0,(anonymous_4)
FNDA:1,(anonymous_5)
FNDA:3,_callee
FNDA:8,_callee$
FNDA:3,(anonymous_8)
DA:3,1
DA:4,1
DA:5,1
DA:6,1
DA:7,2
DA:8,8
DA:9,1
DA:10,1
DA:11,1
DA:12,1
DA:13,1
DA:14,1
DA:15,1
DA:16,1
DA:17,1
DA:18,1
DA:20,3
DA:21,12
DA:23,3
DA:24,3
DA:25,3
DA:26,3
DA:33,3
DA:34,3
DA:35,2
DA:36,2
DA:38,1
DA:39,1
DA:41,2
DA:42,1
DA:43,1
DA:45,1
DA:46,1
DA:48,1
DA:49,1
DA:57,1
DA:58,1
DA:62,1
DA:63,1
DA:65,0
DA:66,0
DA:67,0
DA:68,0
DA:69,0
DA:71,0
DA:72,0
DA:75,3
DA:79,1
DA:80,3
LF:49
LH:42
BRDA:7,0,0,2
BRDA:7,0,1,0
BRDA:7,1,0,2
BRDA:7,1,1,2
BRDA:8,2,0,3
BRDA:8,2,1,0
BRDA:8,3,0,2
BRDA:8,3,1,1
BRDA:8,4,0,1
BRDA:8,4,1,0
BRDA:21,5,0,3
BRDA:21,5,1,3
BRDA:21,5,2,2
BRDA:21,5,3,1
BRDA:21,5,4,0
BRDA:21,5,5,0
BRDA:21,5,6,1
BRDA:21,5,7,3
BRDA:34,6,0,2
BRDA:34,6,1,1
BRDA:41,7,0,1
BRDA:41,7,1,1
BRDA:48,8,0,1
BRDA:48,8,1,0
BRDA:72,9,0,0
BRDA:72,9,1,0
BRF:26
BRH:18
end_of_record
TN:
SF:dist\controllers\task.controller.js
FN:9,ownKeys
FN:9,(anonymous_1)
FN:10,_objectSpread
FN:10,(anonymous_3)
FN:10,(anonymous_4)
FN:16,(anonymous_5)
FN:17,_callee
FN:19,_callee$
FN:62,(anonymous_8)
FN:66,(anonymous_9)
FN:67,_callee2
FN:69,_callee2$
FN:115,(anonymous_12)
FN:119,(anonymous_13)
FN:120,_callee3
FN:122,_callee3$
FN:165,(anonymous_16)
FN:169,(anonymous_17)
FN:170,_callee4
FN:172,_callee4$
FN:217,(anonymous_20)
FN:221,(anonymous_21)
FN:222,_callee5
FN:224,_callee5$
FN:257,(anonymous_24)
FN:297,(anonymous_25)
FNF:26
FNH:5
FNDA:0,ownKeys
FNDA:0,(anonymous_1)
FNDA:0,_objectSpread
FNDA:0,(anonymous_3)
FNDA:0,(anonymous_4)
FNDA:1,(anonymous_5)
FNDA:0,_callee
FNDA:0,_callee$
FNDA:0,(anonymous_8)
FNDA:1,(anonymous_9)
FNDA:0,_callee2
FNDA:0,_callee2$
FNDA:0,(anonymous_12)
FNDA:1,(anonymous_13)
FNDA:0,_callee3
FNDA:0,_callee3$
FNDA:0,(anonymous_16)
FNDA:1,(anonymous_17)
FNDA:0,_callee4
FNDA:0,_callee4$
FNDA:0,(anonymous_20)
FNDA:1,(anonymous_21)
FNDA:0,_callee5
FNDA:0,_callee5$
FNDA:0,(anonymous_24)
FNDA:0,(anonymous_25)
DA:3,1
DA:4,1
DA:5,1
DA:6,1
DA:7,1
DA:8,1
DA:9,0
DA:10,0
DA:11,1
DA:12,1
DA:13,1
DA:14,1
DA:15,1
DA:16,1
DA:17,1
DA:19,0
DA:20,0
DA:22,0
DA:23,0
DA:24,0
DA:25,0
DA:27,0
DA:28,0
DA:29,0
DA:30,0
DA:38,0
DA:39,0
DA:42,0
DA:43,0
DA:44,0
DA:45,0
DA:47,0
DA:48,0
DA:49,0
DA:50,0
DA:51,0
DA:53,0
DA:54,0
DA:55,0
DA:58,0
DA:62,1
DA:63,0
DA:66,1
DA:67,1
DA:69,0
DA:70,0
DA:72,0
DA:73,0
DA:74,0
DA:76,0
DA:77,0
DA:78,0
DA:79,0
DA:86,0
DA:87,0
DA:88,0
DA:89,0
DA:93,0
DA:97,0
DA:98,0
DA:100,0
DA:101,0
DA:102,0
DA:103,0
DA:104,0
DA:106,0
DA:107,0
DA:108,0
DA:111,0
DA:115,1
DA:116,0
DA:119,1
DA:120,1
DA:122,0
DA:123,0
DA:125,0
DA:126,0
DA:127,0
DA:128,0
DA:130,0
DA:131,0
DA:132,0
DA:133,0
DA:144,0
DA:145,0
DA:146,0
DA:147,0
DA:148,0
DA:150,0
DA:151,0
DA:152,0
DA:153,0
DA:154,0
DA:156,0
DA:157,0
DA:158,0
DA:161,0
DA:165,1
DA:166,0
DA:169,1
DA:170,1
DA:172,0
DA:173,0
DA:175,0
DA:176,0
DA:177,0
DA:178,0
DA:180,0
DA:181,0
DA:182,0
DA:183,0
DA:196,0
DA:197,0
DA:198,0
DA:199,0
DA:200,0
DA:202,0
DA:203,0
DA:204,0
DA:205,0
DA:206,0
DA:208,0
DA:209,0
DA:210,0
DA:213,0
DA:217,1
DA:218,0
DA:221,1
DA:222,1
DA:224,0
DA:225,0
DA:227,0
DA:228,0
DA:229,0
DA:253,0
DA:254,0
DA:255,0
DA:256,0
DA:257,0
DA:258,0
DA:260,0
DA:261,0
DA:264,0
DA:265,0
DA:269,0
DA:274,0
DA:275,0
DA:276,0
DA:278,0
DA:279,0
DA:280,0
DA:281,0
DA:283,0
DA:284,0
DA:285,0
DA:286,0
DA:287,0
DA:289,0
DA:290,0
DA:293,0
DA:297,1
DA:298,0
LF:162
LH:26
BRDA:9,0,0,0
BRDA:9,0,1,0
BRDA:9,1,0,0
BRDA:9,1,1,0
BRDA:10,2,0,0
BRDA:10,2,1,0
BRDA:10,3,0,0
BRDA:10,3,1,0
BRDA:10,4,0,0
BRDA:10,4,1,0
BRDA:20,5,0,0
BRDA:20,5,1,0
BRDA:20,5,2,0
BRDA:20,5,3,0
BRDA:20,5,4,0
BRDA:20,5,5,0
BRDA:20,5,6,0
BRDA:55,6,0,0
BRDA:55,6,1,0
BRDA:70,7,0,0
BRDA:70,7,1,0
BRDA:70,7,2,0
BRDA:70,7,3,0
BRDA:70,7,4,0
BRDA:70,7,5,0
BRDA:70,7,6,0
BRDA:88,8,0,0
BRDA:88,8,1,0
BRDA:108,9,0,0
BRDA:108,9,1,0
BRDA:123,10,0,0
BRDA:123,10,1,0
BRDA:123,10,2,0
BRDA:123,10,3,0
BRDA:123,10,4,0
BRDA:123,10,5,0
BRDA:123,10,6,0
BRDA:158,11,0,0
BRDA:158,11,1,0
BRDA:173,12,0,0
BRDA:173,12,1,0
BRDA:173,12,2,0
BRDA:173,12,3,0
BRDA:173,12,4,0
BRDA:173,12,5,0
BRDA:173,12,6,0
BRDA:210,13,0,0
BRDA:210,13,1,0
BRDA:225,14,0,0
BRDA:225,14,1,0
BRDA:225,14,2,0
BRDA:225,14,3,0
BRDA:225,14,4,0
BRDA:225,14,5,0
BRDA:245,15,0,0
BRDA:245,15,1,0
BRDA:245,16,0,0
BRDA:245,16,1,0
BRDA:245,17,0,0
BRDA:245,17,1,0
BRDA:245,18,0,0
BRDA:245,18,1,0
BRDA:246,19,0,0
BRDA:246,19,1,0
BRDA:248,20,0,0
BRDA:248,20,1,0
BRDA:253,21,0,0
BRDA:253,21,1,0
BRDA:253,22,0,0
BRDA:253,22,1,0
BRDA:256,23,0,0
BRDA:256,23,1,0
BRDA:256,24,0,0
BRDA:256,24,1,0
BRDA:260,25,0,0
BRDA:260,25,1,0
BRDA:264,26,0,0
BRDA:264,26,1,0
BRDA:290,27,0,0
BRDA:290,27,1,0
BRF:80
BRH:0
end_of_record
TN:
SF:dist\controllers\user.controller.js
FN:9,ownKeys
FN:9,(anonymous_1)
FN:10,_objectSpread
FN:10,(anonymous_3)
FN:10,(anonymous_4)
FN:20,(anonymous_5)
FN:21,_callee
FN:23,_callee$
FN:69,(anonymous_8)
FN:73,(anonymous_9)
FN:74,_callee2
FN:76,_callee2$
FN:109,(anonymous_12)
FN:149,(anonymous_13)
FN:153,(anonymous_14)
FN:154,_callee3
FN:156,_callee3$
FN:210,(anonymous_17)
FN:214,(anonymous_18)
FN:215,_callee4
FN:217,_callee4$
FN:261,(anonymous_21)
FN:265,(anonymous_22)
FN:266,_callee5
FN:268,_callee5$
FN:310,(anonymous_25)
FNF:26
FNH:5
FNDA:0,ownKeys
FNDA:0,(anonymous_1)
FNDA:0,_objectSpread
FNDA:0,(anonymous_3)
FNDA:0,(anonymous_4)
FNDA:1,(anonymous_5)
FNDA:0,_callee
FNDA:0,_callee$
FNDA:0,(anonymous_8)
FNDA:1,(anonymous_9)
FNDA:0,_callee2
FNDA:0,_callee2$
FNDA:0,(anonymous_12)
FNDA:0,(anonymous_13)
FNDA:1,(anonymous_14)
FNDA:0,_callee3
FNDA:0,_callee3$
FNDA:0,(anonymous_17)
FNDA:1,(anonymous_18)
FNDA:0,_callee4
FNDA:0,_callee4$
FNDA:0,(anonymous_21)
FNDA:1,(anonymous_22)
FNDA:0,_callee5
FNDA:0,_callee5$
FNDA:0,(anonymous_25)
DA:3,1
DA:4,1
DA:5,1
DA:6,1
DA:7,1
DA:8,1
DA:9,0
DA:10,0
DA:11,1
DA:12,1
DA:13,1
DA:14,1
DA:15,1
DA:16,1
DA:17,1
DA:18,1
DA:19,1
DA:20,1
DA:21,1
DA:23,0
DA:24,0
DA:26,0
DA:27,0
DA:28,0
DA:29,0
DA:31,0
DA:32,0
DA:33,0
DA:34,0
DA:44,0
DA:45,0
DA:48,0
DA:49,0
DA:50,0
DA:51,0
DA:52,0
DA:54,0
DA:55,0
DA:56,0
DA:57,0
DA:58,0
DA:60,0
DA:61,0
DA:62,0
DA:65,0
DA:69,1
DA:70,0
DA:73,1
DA:74,1
DA:76,0
DA:77,0
DA:79,0
DA:80,0
DA:81,0
DA:105,0
DA:106,0
DA:107,0
DA:108,0
DA:109,0
DA:110,0
DA:112,0
DA:113,0
DA:116,0
DA:117,0
DA:121,0
DA:126,0
DA:127,0
DA:128,0
DA:130,0
DA:131,0
DA:132,0
DA:133,0
DA:135,0
DA:136,0
DA:137,0
DA:138,0
DA:139,0
DA:141,0
DA:142,0
DA:145,0
DA:149,1
DA:150,0
DA:153,1
DA:154,1
DA:156,0
DA:157,0
DA:159,0
DA:160,0
DA:161,0
DA:163,0
DA:164,0
DA:165,0
DA:166,0
DA:173,0
DA:174,0
DA:181,0
DA:182,0
DA:183,0
DA:184,0
DA:188,0
DA:192,0
DA:193,0
DA:195,0
DA:196,0
DA:197,0
DA:198,0
DA:199,0
DA:201,0
DA:202,0
DA:203,0
DA:206,0
DA:210,1
DA:211,0
DA:214,1
DA:215,1
DA:217,0
DA:218,0
DA:220,0
DA:221,0
DA:222,0
DA:223,0
DA:225,0
DA:226,0
DA:227,0
DA:228,0
DA:240,0
DA:241,0
DA:242,0
DA:243,0
DA:244,0
DA:246,0
DA:247,0
DA:248,0
DA:249,0
DA:250,0
DA:252,0
DA:253,0
DA:254,0
DA:257,0
DA:261,1
DA:262,0
DA:265,1
DA:266,1
DA:268,0
DA:269,0
DA:271,0
DA:272,0
DA:273,0
DA:274,0
DA:276,0
DA:277,0
DA:278,0
DA:279,0
DA:289,0
DA:290,0
DA:291,0
DA:292,0
DA:293,0
DA:295,0
DA:296,0
DA:297,0
DA:298,0
DA:299,0
DA:301,0
DA:302,0
DA:303,0
DA:306,0
DA:310,1
DA:311,0
LF:169
LH:30
BRDA:9,0,0,0
BRDA:9,0,1,0
BRDA:9,1,0,0
BRDA:9,1,1,0
BRDA:10,2,0,0
BRDA:10,2,1,0
BRDA:10,3,0,0
BRDA:10,3,1,0
BRDA:10,4,0,0
BRDA:10,4,1,0
BRDA:24,5,0,0
BRDA:24,5,1,0
BRDA:24,5,2,0
BRDA:24,5,3,0
BRDA:24,5,4,0
BRDA:24,5,5,0
BRDA:24,5,6,0
BRDA:62,6,0,0
BRDA:62,6,1,0
BRDA:77,7,0,0
BRDA:77,7,1,0
BRDA:77,7,2,0
BRDA:77,7,3,0
BRDA:77,7,4,0
BRDA:77,7,5,0
BRDA:97,8,0,0
BRDA:97,8,1,0
BRDA:97,9,0,0
BRDA:97,9,1,0
BRDA:97,10,0,0
BRDA:97,10,1,0
BRDA:97,11,0,0
BRDA:97,11,1,0
BRDA:98,12,0,0
BRDA:98,12,1,0
BRDA:100,13,0,0
BRDA:100,13,1,0
BRDA:105,14,0,0
BRDA:105,14,1,0
BRDA:105,15,0,0
BRDA:105,15,1,0
BRDA:108,16,0,0
BRDA:108,16,1,0
BRDA:108,17,0,0
BRDA:108,17,1,0
BRDA:112,18,0,0
BRDA:112,18,1,0
BRDA:116,19,0,0
BRDA:116,19,1,0
BRDA:142,20,0,0
BRDA:142,20,1,0
BRDA:157,21,0,0
BRDA:157,21,1,0
BRDA:157,21,2,0
BRDA:157,21,3,0
BRDA:157,21,4,0
BRDA:157,21,5,0
BRDA:157,21,6,0
BRDA:157,21,7,0
BRDA:183,22,0,0
BRDA:183,22,1,0
BRDA:203,23,0,0
BRDA:203,23,1,0
BRDA:218,24,0,0
BRDA:218,24,1,0
BRDA:218,24,2,0
BRDA:218,24,3,0
BRDA:218,24,4,0
BRDA:218,24,5,0
BRDA:218,24,6,0
BRDA:254,25,0,0
BRDA:254,25,1,0
BRDA:269,26,0,0
BRDA:269,26,1,0
BRDA:269,26,2,0
BRDA:269,26,3,0
BRDA:269,26,4,0
BRDA:269,26,5,0
BRDA:269,26,6,0
BRDA:303,27,0,0
BRDA:303,27,1,0
BRF:81
BRH:0
end_of_record
TN:
SF:dist\middlewares\auth.middleware.js
FN:7,(anonymous_0)
FN:8,_callee
FN:10,_callee$
FN:40,(anonymous_3)
FNF:4
FNH:1
FNDA:1,(anonymous_0)
FNDA:0,_callee
FNDA:0,_callee$
FNDA:0,(anonymous_3)
DA:3,1
DA:4,1
DA:5,1
DA:6,1
DA:7,1
DA:8,1
DA:10,0
DA:11,0
DA:13,0
DA:14,0
DA:15,0
DA:16,0
DA:18,0
DA:20,0
DA:21,0
DA:22,0
DA:23,0
DA:24,0
DA:26,0
DA:27,0
DA:28,0
DA:29,0
DA:36,0
DA:40,1
DA:41,0
LF:25
LH:7
BRDA:11,0,0,0
BRDA:11,0,1,0
BRDA:11,0,2,0
BRDA:11,0,3,0
BRDA:11,0,4,0
BRDA:14,1,0,0
BRDA:14,1,1,0
BRDA:32,2,0,0
BRDA:32,2,1,0
BRDA:32,3,0,0
BRDA:32,3,1,0
BRDA:32,4,0,0
BRDA:32,4,1,0
BRF:13
BRH:0
end_of_record
TN:
SF:dist\middlewares\errorHandler.middleware.js
FN:4,errorHandler
FN:23,catchErrors
FN:24,(anonymous_2)
FNF:3
FNH:2
FNDA:0,errorHandler
FNDA:11,catchErrors
FNDA:3,(anonymous_2)
DA:3,1
DA:4,1
DA:5,0
DA:8,0
DA:9,0
DA:10,0
DA:11,0
DA:12,0
DA:16,0
DA:17,0
DA:21,0
DA:23,1
DA:24,11
DA:25,3
DA:28,1
LF:15
LH:6
BRDA:11,0,0,0
BRDA:11,0,1,0
BRDA:16,1,0,0
BRDA:16,1,1,0
BRDA:16,2,0,0
BRDA:16,2,1,0
BRDA:21,3,0,0
BRDA:21,3,1,0
BRDA:21,4,0,0
BRDA:21,4,1,0
BRDA:21,5,0,0
BRDA:21,5,1,0
BRF:12
BRH:0
end_of_record
TN:
SF:dist\middlewares\notFound.middleware.js
FN:3,(anonymous_0)
FNF:1
FNH:0
FNDA:0,(anonymous_0)
DA:3,1
DA:4,0
LF:2
LH:1
BRF:0
BRH:0
end_of_record
TN:
SF:dist\middlewares\requestValidator.middleware.js
FN:5,(anonymous_0)
FN:6,(anonymous_1)
FN:12,(anonymous_2)
FNF:3
FNH:3
FNDA:11,(anonymous_0)
FNDA:5,(anonymous_1)
FNDA:2,(anonymous_2)
DA:3,1
DA:4,1
DA:5,1
DA:6,11
DA:7,5
DA:10,5
DA:11,5
DA:12,2
DA:13,2
DA:16,3
LF:10
LH:10
BRDA:11,0,0,2
BRDA:11,0,1,3
BRF:2
BRH:2
end_of_record
TN:
SF:dist\middlewares\roleAuthorizer.middleware.js
FN:5,roleAuthorizer
FN:6,(anonymous_1)
FNF:2
FNH:1
FNDA:10,roleAuthorizer
FNDA:0,(anonymous_1)
DA:3,1
DA:4,1
DA:5,1
DA:6,10
DA:7,0
DA:8,0
DA:10,0
DA:14,1
LF:8
LH:5
BRDA:7,0,0,0
BRDA:7,0,1,0
BRF:2
BRH:0
end_of_record
TN:
SF:dist\models\task.model.js
FN:3,(anonymous_0)
FNF:1
FNH:1
FNDA:1,(anonymous_0)
DA:3,1
DA:4,1
DA:44,1
LF:3
LH:3
BRF:0
BRH:0
end_of_record
TN:
SF:dist\models\user.model.js
FN:3,(anonymous_0)
FNF:1
FNH:1
FNDA:1,(anonymous_0)
DA:3,1
DA:4,1
DA:46,1
LF:3
LH:3
BRF:0
BRH:0
end_of_record
TN:
SF:dist\routers\auth.router.js
FNF:0
FNH:0
DA:3,1
DA:4,1
DA:5,1
DA:6,1
DA:7,1
DA:8,1
DA:9,1
DA:10,1
DA:11,1
LF:9
LH:9
BRF:0
BRH:0
end_of_record
TN:
SF:dist\routers\task.router.js
FNF:0
FNH:0
DA:3,1
DA:4,1
DA:5,1
DA:6,1
DA:7,1
DA:8,1
DA:9,1
DA:10,1
DA:11,1
DA:12,1
DA:13,1
DA:14,1
DA:15,1
DA:16,1
DA:17,1
DA:18,1
DA:19,1
DA:20,1
DA:21,1
DA:22,1
DA:23,1
LF:21
LH:21
BRF:0
BRH:0
end_of_record
TN:
SF:dist\routers\user.router.js
FNF:0
FNH:0
DA:3,1
DA:4,1
DA:5,1
DA:6,1
DA:7,1
DA:8,1
DA:9,1
DA:10,1
DA:11,1
DA:12,1
DA:13,1
DA:14,1
DA:15,1
DA:16,1
DA:17,1
DA:18,1
DA:19,1
DA:20,1
DA:21,1
DA:22,1
DA:23,1
LF:21
LH:21
BRF:0
BRH:0
end_of_record
TN:
SF:dist\utility\errorType.js
FN:6,(anonymous_0)
FN:7,_callee
FN:8,_callee$
FN:49,(anonymous_3)
FNF:4
FNH:1
FNDA:1,(anonymous_0)
FNDA:0,_callee
FNDA:0,_callee$
FNDA:0,(anonymous_3)
DA:3,1
DA:4,1
DA:5,1
DA:6,1
DA:7,1
DA:8,0
DA:9,0
DA:11,0
DA:12,0
DA:13,0
DA:15,0
DA:24,0
DA:25,0
DA:26,0
DA:28,0
DA:36,0
DA:45,0
DA:49,1
DA:50,0
LF:19
LH:6
BRDA:9,0,0,0
BRDA:9,0,1,0
BRDA:9,0,2,0
BRDA:9,0,3,0
BRDA:9,0,4,0
BRDA:11,1,0,0
BRDA:11,1,1,0
BRDA:24,2,0,0
BRDA:24,2,1,0
BRF:9
BRH:0
end_of_record
TN:
SF:dist\utility\logger.js
FN:13,(anonymous_0)
FNF:1
FNH:0
FNDA:0,(anonymous_0)
DA:3,1
DA:4,1
DA:5,1
DA:6,1
DA:7,1
DA:8,1
DA:9,1
DA:10,1
DA:11,1
DA:12,1
DA:13,1
DA:14,0
DA:15,0
DA:16,0
DA:17,0
DA:19,1
DA:43,1
DA:44,1
DA:48,1
LF:19
LH:15
BRDA:43,0,0,1
BRDA:43,0,1,0
BRF:2
BRH:1
end_of_record
TN:
SF:dist\utility\response.js
FN:4,success
FN:14,failure
FNF:2
FNH:2
FNDA:1,success
FNDA:4,failure
DA:3,1
DA:5,1
DA:6,1
DA:7,1
DA:8,1
DA:15,4
DA:16,4
DA:17,4
DA:18,4
LF:9
LH:9
BRDA:5,0,0,1
BRDA:5,0,1,0
BRDA:5,1,0,1
BRDA:5,1,1,1
BRDA:6,2,0,1
BRDA:6,2,1,0
BRDA:6,3,0,1
BRDA:6,3,1,1
BRDA:7,4,0,1
BRDA:7,4,1,0
BRDA:7,5,0,1
BRDA:7,5,1,1
BRDA:15,6,0,4
BRDA:15,6,1,0
BRDA:15,7,0,4
BRDA:15,7,1,4
BRDA:16,8,0,4
BRDA:16,8,1,0
BRDA:16,9,0,4
BRDA:16,9,1,4
BRDA:17,10,0,4
BRDA:17,10,1,0
BRDA:17,11,0,4
BRDA:17,11,1,4
BRF:24
BRH:18
end_of_record
TN:
SF:dist\validators\taskModel.validator.js
FNF:0
FNH:0
DA:3,1
DA:4,1
DA:8,1
DA:13,1
DA:16,1
DA:21,1
LF:6
LH:6
BRF:0
BRH:0
end_of_record
TN:
SF:dist\validators\userModel.validator.js
FNF:0
FNH:0
DA:3,1
DA:4,1
DA:8,1
DA:14,1
DA:17,1
DA:30,1
DA:36,1
LF:7
LH:7
BRF:0
BRH:0
end_of_record
TN:
SF:src\app.js
FN:18,(anonymous_0)
FN:22,(anonymous_1)
FNF:2
FNH:1
FNDA:0,(anonymous_0)
FNDA:5,(anonymous_1)
DA:1,1
DA:2,1
DA:3,1
DA:4,1
DA:5,1
DA:6,1
DA:7,1
DA:8,1
DA:9,1
DA:10,1
DA:12,1
DA:13,1
DA:14,1
DA:15,1
DA:16,1
DA:18,1
DA:19,0
DA:22,1
DA:23,5
DA:24,5
DA:27,1
DA:28,1
DA:29,1
DA:31,1
DA:33,1
DA:35,1
DA:37,1
LF:27
LH:26
BRF:0
BRH:0
end_of_record
TN:
SF:src\configs\db.config.js
FNF:0
FNH:0
DA:1,1
DA:3,1
DA:39,1
LF:3
LH:3
BRF:0
BRH:0
end_of_record
TN:
SF:src\configs\db.js
FNF:0
FNH:0
DA:5,1
DA:6,1
DA:8,1
DA:15,1
DA:26,1
DA:32,1
DA:38,1
DA:44,1
DA:54,1
DA:60,1
DA:66,1
DA:72,1
DA:78,1
LF:13
LH:13
BRF:0
BRH:0
end_of_record
TN:
SF:src\controllers\auth.controller.js
FN:6,(anonymous_0)
FNF:1
FNH:1
FNDA:3,(anonymous_0)
DA:1,1
DA:2,1
DA:3,1
DA:4,1
DA:6,1
DA:7,3
DA:9,3
DA:10,3
DA:17,3
DA:18,1
DA:19,1
DA:22,2
DA:23,1
DA:24,1
DA:27,1
DA:28,1
DA:40,1
DA:41,1
DA:44,0
DA:46,0
DA:47,0
LF:21
LH:18
BRDA:17,0,0,1
BRDA:17,0,1,2
BRDA:22,1,0,1
BRDA:22,1,1,1
BRDA:27,2,0,1
BRDA:27,2,1,0
BRDA:49,3,0,0
BRDA:49,3,1,0
BRF:8
BRH:5
end_of_record
TN:
SF:src\controllers\task.controller.js
FN:4,(anonymous_0)
FN:37,(anonymous_1)
FN:80,(anonymous_2)
FN:114,(anonymous_3)
FN:150,(anonymous_4)
FN:192,(anonymous_5)
FNF:6
FNH:0
FNDA:0,(anonymous_0)
FNDA:0,(anonymous_1)
FNDA:0,(anonymous_2)
FNDA:0,(anonymous_3)
FNDA:0,(anonymous_4)
FNDA:0,(anonymous_5)
DA:1,1
DA:2,1
DA:4,1
DA:5,0
DA:6,0
DA:8,0
DA:10,0
DA:11,0
DA:22,0
DA:23,0
DA:24,0
DA:26,0
DA:27,0
DA:28,0
DA:29,0
DA:37,1
DA:38,0
DA:40,0
DA:42,0
DA:43,0
DA:50,0
DA:51,0
DA:52,0
DA:60,0
DA:69,0
DA:70,0
DA:71,0
DA:72,0
DA:80,1
DA:81,0
DA:82,0
DA:83,0
DA:85,0
DA:86,0
DA:99,0
DA:101,0
DA:103,0
DA:104,0
DA:105,0
DA:106,0
DA:114,1
DA:115,0
DA:116,0
DA:117,0
DA:119,0
DA:120,0
DA:135,0
DA:137,0
DA:139,0
DA:140,0
DA:141,0
DA:142,0
DA:150,1
DA:151,0
DA:152,0
DA:155,0
DA:189,0
DA:190,0
DA:191,0
DA:192,0
DA:194,0
DA:195,0
DA:198,0
DA:199,0
DA:203,0
DA:209,0
DA:210,0
DA:211,0
DA:213,0
DA:214,0
DA:216,0
LF:71
LH:7
BRDA:31,0,0,0
BRDA:31,0,1,0
BRDA:51,1,0,0
BRDA:51,1,1,0
BRDA:74,2,0,0
BRDA:74,2,1,0
BRDA:108,3,0,0
BRDA:108,3,1,0
BRDA:144,4,0,0
BRDA:144,4,1,0
BRDA:182,5,0,0
BRDA:182,5,1,0
BRDA:182,6,0,0
BRDA:182,6,1,0
BRDA:183,7,0,0
BRDA:183,7,1,0
BRDA:184,8,0,0
BRDA:184,8,1,0
BRDA:189,9,0,0
BRDA:189,9,1,0
BRDA:189,10,0,0
BRDA:189,10,1,0
BRDA:191,11,0,0
BRDA:191,11,1,0
BRDA:191,12,0,0
BRDA:191,12,1,0
BRDA:194,13,0,0
BRDA:194,13,1,0
BRDA:198,14,0,0
BRDA:198,14,1,0
BRDA:218,15,0,0
BRDA:218,15,1,0
BRF:32
BRH:0
end_of_record
TN:
SF:src\controllers\user.controller.js
FN:6,(anonymous_0)
FN:42,(anonymous_1)
FN:76,(anonymous_2)
FN:108,(anonymous_3)
FN:158,(anonymous_4)
FN:193,(anonymous_5)
FNF:6
FNH:0
FNDA:0,(anonymous_0)
FNDA:0,(anonymous_1)
FNDA:0,(anonymous_2)
FNDA:0,(anonymous_3)
FNDA:0,(anonymous_4)
FNDA:0,(anonymous_5)
DA:1,1
DA:2,1
DA:3,1
DA:4,1
DA:6,1
DA:7,0
DA:8,0
DA:10,0
DA:12,0
DA:13,0
DA:26,0
DA:27,0
DA:28,0
DA:29,0
DA:31,0
DA:32,0
DA:33,0
DA:34,0
DA:42,1
DA:43,0
DA:44,0
DA:47,0
DA:73,0
DA:74,0
DA:75,0
DA:76,0
DA:78,0
DA:79,0
DA:82,0
DA:83,0
DA:87,0
DA:93,0
DA:94,0
DA:95,0
DA:97,0
DA:98,0
DA:100,0
DA:108,1
DA:109,0
DA:111,0
DA:113,0
DA:114,0
DA:121,0
DA:128,0
DA:129,0
DA:130,0
DA:138,0
DA:147,0
DA:148,0
DA:149,0
DA:150,0
DA:158,1
DA:159,0
DA:160,0
DA:161,0
DA:163,0
DA:164,0
DA:178,0
DA:180,0
DA:182,0
DA:183,0
DA:184,0
DA:185,0
DA:193,1
DA:194,0
DA:195,0
DA:196,0
DA:198,0
DA:199,0
DA:211,0
DA:212,0
DA:214,0
DA:215,0
DA:216,0
DA:217,0
LF:75
LH:9
BRDA:36,0,0,0
BRDA:36,0,1,0
BRDA:66,1,0,0
BRDA:66,1,1,0
BRDA:66,2,0,0
BRDA:66,2,1,0
BRDA:67,3,0,0
BRDA:67,3,1,0
BRDA:68,4,0,0
BRDA:68,4,1,0
BRDA:73,5,0,0
BRDA:73,5,1,0
BRDA:73,6,0,0
BRDA:73,6,1,0
BRDA:75,7,0,0
BRDA:75,7,1,0
BRDA:75,8,0,0
BRDA:75,8,1,0
BRDA:78,9,0,0
BRDA:78,9,1,0
BRDA:82,10,0,0
BRDA:82,10,1,0
BRDA:102,11,0,0
BRDA:102,11,1,0
BRDA:129,12,0,0
BRDA:129,12,1,0
BRDA:152,13,0,0
BRDA:152,13,1,0
BRDA:187,14,0,0
BRDA:187,14,1,0
BRDA:219,15,0,0
BRDA:219,15,1,0
BRF:32
BRH:0
end_of_record
TN:
SF:src\middlewares\auth.middleware.js
FN:2,(anonymous_0)
FNF:1
FNH:0
FNDA:0,(anonymous_0)
DA:1,1
DA:2,1
DA:3,0
DA:4,0
DA:5,0
DA:9,0
DA:10,0
DA:12,0
DA:13,0
LF:9
LH:2
BRDA:4,0,0,0
BRDA:4,0,1,0
BRDA:17,1,0,0
BRDA:17,1,1,0
BRF:4
BRH:0
end_of_record
TN:
SF:src\middlewares\errorHandler.middleware.js
FN:3,(anonymous_0)
FN:29,(anonymous_1)
FN:30,(anonymous_2)
FNF:3
FNH:2
FNDA:0,(anonymous_0)
FNDA:11,(anonymous_1)
FNDA:3,(anonymous_2)
DA:1,1
DA:3,1
DA:4,0
DA:7,0
DA:8,0
DA:9,0
DA:11,0
DA:12,0
DA:16,0
DA:17,0
DA:21,0
DA:29,1
DA:30,11
DA:31,3
DA:35,1
LF:15
LH:6
BRDA:11,0,0,0
BRDA:11,0,1,0
BRDA:16,1,0,0
BRDA:16,1,1,0
BRDA:16,2,0,0
BRDA:16,2,1,0
BRDA:23,3,0,0
BRDA:23,3,1,0
BRDA:24,4,0,0
BRDA:24,4,1,0
BRDA:25,5,0,0
BRDA:25,5,1,0
BRF:12
BRH:0
end_of_record
TN:
SF:src\middlewares\notFound.middleware.js
FN:1,(anonymous_0)
FNF:1
FNH:0
FNDA:0,(anonymous_0)
DA:1,1
DA:2,0
LF:2
LH:1
BRF:0
BRH:0
end_of_record
TN:
SF:src\middlewares\requestValidator.middleware.js
FN:3,(anonymous_0)
FN:4,(anonymous_1)
FN:12,(anonymous_2)
FNF:3
FNH:3
FNDA:11,(anonymous_0)
FNDA:5,(anonymous_1)
FNDA:2,(anonymous_2)
DA:1,1
DA:3,1
DA:4,11
DA:5,5
DA:7,5
DA:8,2
DA:12,2
DA:15,3
LF:8
LH:8
BRDA:7,0,0,2
BRDA:7,0,1,3
BRF:2
BRH:2
end_of_record
TN:
SF:src\middlewares\roleAuthorizer.middleware.js
FN:3,(anonymous_0)
FN:4,(anonymous_1)
FNF:2
FNH:1
FNDA:10,(anonymous_0)
FNDA:0,(anonymous_1)
DA:1,1
DA:3,1
DA:4,10
DA:5,0
DA:6,0
DA:8,0
DA:13,1
LF:7
LH:4
BRDA:5,0,0,0
BRDA:5,0,1,0
BRF:2
BRH:0
end_of_record
TN:
SF:src\models\task.model.js
FN:1,(anonymous_0)
FNF:1
FNH:1
FNDA:1,(anonymous_0)
DA:1,1
DA:2,1
DA:42,1
LF:3
LH:3
BRF:0
BRH:0
end_of_record
TN:
SF:src\models\user.model.js
FN:1,(anonymous_0)
FNF:1
FNH:1
FNDA:1,(anonymous_0)
DA:1,1
DA:2,1
DA:44,1
LF:3
LH:3
BRF:0
BRH:0
end_of_record
TN:
SF:src\routers\auth.router.js
FNF:0
FNH:0
DA:1,1
DA:3,1
DA:4,1
DA:5,1
DA:6,1
DA:8,1
DA:14,1
LF:7
LH:7
BRF:0
BRH:0
end_of_record
TN:
SF:src\routers\task.router.js
FNF:0
FNH:0
DA:1,1
DA:2,1
DA:3,1
DA:4,1
DA:6,1
DA:7,1
DA:14,1
DA:16,1
DA:18,1
DA:25,1
DA:32,1
DA:39,1
DA:46,1
DA:53,1
LF:14
LH:14
BRF:0
BRH:0
end_of_record
TN:
SF:src\routers\user.router.js
FNF:0
FNH:0
DA:1,1
DA:2,1
DA:3,1
DA:4,1
DA:11,1
DA:13,1
DA:14,1
DA:16,1
DA:18,1
DA:25,1
DA:32,1
DA:39,1
DA:46,1
DA:53,1
LF:14
LH:14
BRF:0
BRH:0
end_of_record
TN:
SF:src\utility\errorType.js
FN:1,(anonymous_0)
FNF:1
FNH:0
FNDA:0,(anonymous_0)
DA:1,1
DA:2,0
DA:3,0
DA:11,0
DA:12,0
DA:20,0
LF:6
LH:1
BRDA:2,0,0,0
BRDA:2,0,1,0
BRDA:11,1,0,0
BRDA:11,1,1,0
BRF:4
BRH:0
end_of_record
TN:
SF:src\utility\logger.js
FN:7,(anonymous_0)
FNF:1
FNH:0
FNDA:0,(anonymous_0)
DA:1,1
DA:2,1
DA:3,1
DA:5,1
DA:7,1
DA:8,0
DA:11,1
DA:37,1
DA:38,1
DA:45,1
LF:10
LH:9
BRDA:37,0,0,1
BRDA:37,0,1,0
BRF:2
BRH:1
end_of_record
TN:
SF:src\utility\response.js
FN:2,(anonymous_0)
FN:10,(anonymous_1)
FNF:2
FNH:2
FNDA:1,(anonymous_0)
FNDA:4,(anonymous_1)
DA:1,1
DA:3,1
DA:16,4
LF:3
LH:3
BRDA:2,0,0,0
BRDA:2,1,0,0
BRDA:2,2,0,0
BRDA:12,3,0,0
BRDA:13,4,0,0
BRDA:14,5,0,0
BRF:6
BRH:0
end_of_record
TN:
SF:src\validators\taskModel.validator.js
FNF:0
FNH:0
DA:1,1
DA:3,1
DA:8,1
DA:14,1
DA:18,1
DA:24,1
LF:6
LH:6
BRF:0
BRH:0
end_of_record
TN:
SF:src\validators\userModel.validator.js
FNF:0
FNH:0
DA:1,1
DA:3,1
DA:8,1
DA:15,1
DA:19,1
DA:35,1
DA:42,1
LF:7
LH:7
BRF:0
BRH:0
end_of_record
